Log file open, 12/29/18 23:20:29
LogWindows: Failed to load 'aqProf.dll' (GetLastError=126)
LogWindows: File 'aqProf.dll' does not exist
LogWindows: Failed to load 'VtuneApi.dll' (GetLastError=126)
LogWindows: File 'VtuneApi.dll' does not exist
LogWindows: Failed to load 'VtuneApi32e.dll' (GetLastError=126)
LogWindows: File 'VtuneApi32e.dll' does not exist
LogInit: Display: Running engine for game: SMBClone
LogPlatformFile: Not using cached read wrapper
LogInit: Display: RandInit(-685568382) SRandInit(-685568381).
LogInit: Read version file with build ID '3944462'
LogInit: Overriding engine version to CL 4033788, compatible CL 3944462
LogInit: Registered custom module enumerator with build ID '3944462'
LogTaskGraph: Started task graph with 5 named threads and 23 total threads with 3 sets of task threads.
LogStats: Stats thread started at 0.297070
LogD3D11RHI: Aftermath initialized
LogICUInternationalization: Display: ICU TimeZone Detection - Raw Offset: +0:00, Platform Override: ''
LogPluginManager: Mounting plugin Paper2D
LogPluginManager: Mounting plugin LiveLink
LogPluginManager: Mounting plugin LightPropagationVolume
LogPluginManager: Mounting plugin CLionSourceCodeAccess
LogPluginManager: Mounting plugin CodeLiteSourceCodeAccess
LogPluginManager: Mounting plugin GitSourceControl
LogPluginManager: Mounting plugin KDevelopSourceCodeAccess
LogPluginManager: Mounting plugin NullSourceCodeAccess
LogPluginManager: Mounting plugin PerforceSourceControl
LogPluginManager: Mounting plugin SubversionSourceControl
LogPluginManager: Mounting plugin UObjectPlugin
LogPluginManager: Mounting plugin VisualStudioCodeSourceCodeAccess
LogPluginManager: Mounting plugin VisualStudioSourceCodeAccess
LogPluginManager: Mounting plugin XCodeSourceCodeAccess
LogPluginManager: Mounting plugin AssetManagerEditor
LogPluginManager: Mounting plugin CryptoKeys
LogPluginManager: Mounting plugin DataValidation
LogPluginManager: Mounting plugin FacialAnimation
LogPluginManager: Mounting plugin GameplayTagsEditor
LogPluginManager: Mounting plugin MobileLauncherProfileWizard
LogPluginManager: Mounting plugin PluginBrowser
LogPluginManager: Mounting plugin SpeedTreeImporter
LogPluginManager: Mounting plugin DatasmithContent
LogPluginManager: Mounting plugin AlembicImporter
LogPluginManager: Mounting plugin CharacterAI
LogPluginManager: Mounting plugin HTML5Networking
LogPluginManager: Mounting plugin AndroidMedia
LogPluginManager: Mounting plugin AvfMedia
LogPluginManager: Mounting plugin ImgMedia
LogPluginManager: Mounting plugin LinearTimecode
LogPluginManager: Mounting plugin MediaCompositing
LogPluginManager: Mounting plugin MediaPlayerEditor
LogPluginManager: Mounting plugin WmfMedia
LogPluginManager: Mounting plugin TcpMessaging
LogPluginManager: Mounting plugin UdpMessaging
LogPluginManager: Mounting plugin ActorSequence
LogPluginManager: Mounting plugin LevelSequenceEditor
LogPluginManager: Mounting plugin MatineeToLevelSequence
LogPluginManager: Mounting plugin NetcodeUnitTest
LogPluginManager: Mounting plugin NUTUnrealEngine4
LogPluginManager: Mounting plugin OnlineSubsystemGooglePlay
LogPluginManager: Mounting plugin OnlineSubsystemIOS
LogPluginManager: Mounting plugin OnlineSubsystem
LogPluginManager: Mounting plugin OnlineSubsystemNull
LogPluginManager: Mounting plugin OnlineSubsystemUtils
LogPluginManager: Mounting plugin AndroidDeviceProfileSelector
LogPluginManager: Mounting plugin AndroidMoviePlayer
LogPluginManager: Mounting plugin AndroidPermission
LogPluginManager: Mounting plugin AppleARKit
LogPluginManager: Mounting plugin AppleMoviePlayer
LogPluginManager: Mounting plugin ArchVisCharacter
LogPluginManager: Mounting plugin AudioCapture
LogPluginManager: Mounting plugin CableComponent
LogPluginManager: Mounting plugin CustomMeshComponent
LogPluginManager: Mounting plugin ExampleDeviceProfileSelector
LogPluginManager: Mounting plugin GoogleCloudMessaging
LogPluginManager: Mounting plugin ImmediatePhysics
LogPluginManager: Mounting plugin IOSDeviceProfileSelector
LogPluginManager: Mounting plugin LinuxDeviceProfileSelector
LogPluginManager: Mounting plugin LocationServicesBPLibrary
LogPluginManager: Mounting plugin MobilePatchingUtils
LogPluginManager: Mounting plugin OculusVR
LogPluginManager: Plugin shader directory ../../../Engine/Plugins/Runtime/Oculus/OculusVR/Shaders found
LogPluginManager: Mapping shader source directory ../../../Engine/Plugins/Runtime/Oculus/OculusVR/Shaders to virtual directory /Plugin/OculusVR
LogPluginManager: Mounting plugin PhysXVehicles
LogPluginManager: Mounting plugin ProceduralMeshComponent
LogPluginManager: Mounting plugin RuntimePhysXCooking
LogPluginManager: Mounting plugin SteamVR
LogPluginManager: Mounting plugin WindowsMoviePlayer
LogStreaming: Display: Took  0.435s to configure plugins.
LogModuleManager: Display: Found up-to-date module file ../../../../SMBClone/Binaries/Win64/UE4Editor-SMBClone-6456.dll (API version 3944462).
LogModuleManager: Display: Found up-to-date module file ../../../Engine/Plugins/2D/Paper2D/Binaries/Win64/UE4Editor-Paper2D.dll (API version 3944462).
LogModuleManager: Display: Found up-to-date module file ../../../Engine/Plugins/2D/Paper2D/Binaries/Win64/UE4Editor-Paper2DEditor.dll (API version 3944462).
LogModuleManager: Display: Found up-to-date module file ../../../Engine/Plugins/2D/Paper2D/Binaries/Win64/UE4Editor-PaperSpriteSheetImporter.dll (API version 3944462).
LogModuleManager: Display: Found up-to-date module file ../../../Engine/Plugins/2D/Paper2D/Binaries/Win64/UE4Editor-PaperTiledImporter.dll (API version 3944462).
LogModuleManager: Display: Found up-to-date module file ../../../Engine/Plugins/2D/Paper2D/Binaries/Win64/UE4Editor-SmartSnapping.dll (API version 3944462).
LogModuleManager: Display: Found up-to-date module file ../../../Engine/Plugins/Animation/LiveLink/Binaries/Win64/UE4Editor-LiveLink.dll (API version 3944462).
LogModuleManager: Display: Found up-to-date module file ../../../Engine/Plugins/Animation/LiveLink/Binaries/Win64/UE4Editor-LiveLinkEditor.dll (API version 3944462).
LogModuleManager: Display: Found up-to-date module file ../../../Engine/Plugins/Blendables/LightPropagationVolume/Binaries/Win64/UE4Editor-LightPropagationVolumeRuntime.dll (API version 3944462).
LogModuleManager: Display: Found up-to-date module file ../../../Engine/Plugins/Blendables/LightPropagationVolume/Binaries/Win64/UE4Editor-LightPropagationVolumeEditor.dll (API version 3944462).
LogModuleManager: Display: Found up-to-date module file ../../../Engine/Plugins/Developer/CLionSourceCodeAccess/Binaries/Win64/UE4Editor-CLionSourceCodeAccess.dll (API version 3944462).
LogModuleManager: Display: Found up-to-date module file ../../../Engine/Plugins/Developer/GitSourceControl/Binaries/Win64/UE4Editor-GitSourceControl.dll (API version 3944462).
LogModuleManager: Display: Found up-to-date module file ../../../Engine/Plugins/Developer/PerforceSourceControl/Binaries/Win64/UE4Editor-PerforceSourceControl.dll (API version 3944462).
LogModuleManager: Display: Found up-to-date module file ../../../Engine/Plugins/Developer/SubversionSourceControl/Binaries/Win64/UE4Editor-SubversionSourceControl.dll (API version 3944462).
LogModuleManager: Display: Found up-to-date module file ../../../Engine/Plugins/Developer/UObjectPlugin/Binaries/Win64/UE4Editor-UObjectPlugin.dll (API version 3944462).
LogModuleManager: Display: Found up-to-date module file ../../../Engine/Plugins/Developer/VisualStudioCodeSourceCodeAccess/Binaries/Win64/UE4Editor-VisualStudioCodeSourceCodeAccess.dll (API version 3944462).
LogModuleManager: Display: Found up-to-date module file ../../../Engine/Plugins/Developer/VisualStudioSourceCodeAccess/Binaries/Win64/UE4Editor-VisualStudioSourceCodeAccess.dll (API version 3944462).
LogModuleManager: Display: Found up-to-date module file ../../../Engine/Plugins/Editor/AssetManagerEditor/Binaries/Win64/UE4Editor-AssetManagerEditor.dll (API version 3944462).
LogModuleManager: Display: Found up-to-date module file ../../../Engine/Plugins/Editor/CryptoKeys/Binaries/Win64/UE4Editor-CryptoKeys.dll (API version 3944462).
LogModuleManager: Display: Found up-to-date module file ../../../Engine/Plugins/Editor/CryptoKeys/Binaries/Win64/UE4Editor-CryptoKeysOpenSSL.dll (API version 3944462).
LogModuleManager: Display: Found up-to-date module file ../../../Engine/Plugins/Editor/DataValidation/Binaries/Win64/UE4Editor-DataValidation.dll (API version 3944462).
LogModuleManager: Display: Found up-to-date module file ../../../Engine/Plugins/Editor/FacialAnimation/Binaries/Win64/UE4Editor-FacialAnimation.dll (API version 3944462).
LogModuleManager: Display: Found up-to-date module file ../../../Engine/Plugins/Editor/FacialAnimation/Binaries/Win64/UE4Editor-FacialAnimationEditor.dll (API version 3944462).
LogModuleManager: Display: Found up-to-date module file ../../../Engine/Plugins/Editor/GameplayTagsEditor/Binaries/Win64/UE4Editor-GameplayTagsEditor.dll (API version 3944462).
LogModuleManager: Display: Found up-to-date module file ../../../Engine/Plugins/Editor/MobileLauncherProfileWizard/Binaries/Win64/UE4Editor-MobileLauncherProfileWizard.dll (API version 3944462).
LogModuleManager: Display: Found up-to-date module file ../../../Engine/Plugins/Editor/PluginBrowser/Binaries/Win64/UE4Editor-PluginBrowser.dll (API version 3944462).
LogModuleManager: Display: Found up-to-date module file ../../../Engine/Plugins/Editor/SpeedTreeImporter/Binaries/Win64/UE4Editor-SpeedTreeImporter.dll (API version 3944462).
LogModuleManager: Display: Found up-to-date module file ../../../Engine/Plugins/Enterprise/DatasmithContent/Binaries/Win64/UE4Editor-DatasmithContent.dll (API version 3944462).
LogModuleManager: Display: Found up-to-date module file ../../../Engine/Plugins/Experimental/AlembicImporter/Binaries/Win64/UE4Editor-AlembicImporter.dll (API version 3944462).
LogModuleManager: Display: Found up-to-date module file ../../../Engine/Plugins/Experimental/AlembicImporter/Binaries/Win64/UE4Editor-AlembicLibrary.dll (API version 3944462).
LogModuleManager: Display: Found up-to-date module file ../../../Engine/Plugins/Experimental/CharacterAI/Binaries/Win64/UE4Editor-CharacterAI.dll (API version 3944462).
LogModuleManager: Display: Found up-to-date module file ../../../Engine/Plugins/Experimental/HTML5Networking/Binaries/Win64/UE4Editor-HTML5Networking.dll (API version 3944462).
LogModuleManager: Display: Found up-to-date module file ../../../Engine/Plugins/Media/AndroidMedia/Binaries/Win64/UE4Editor-AndroidMediaEditor.dll (API version 3944462).
LogModuleManager: Display: Found up-to-date module file ../../../Engine/Plugins/Media/AndroidMedia/Binaries/Win64/UE4Editor-AndroidMediaFactory.dll (API version 3944462).
LogModuleManager: Display: Found up-to-date module file ../../../Engine/Plugins/Media/AvfMedia/Binaries/Win64/UE4Editor-AvfMediaEditor.dll (API version 3944462).
LogModuleManager: Display: Found up-to-date module file ../../../Engine/Plugins/Media/AvfMedia/Binaries/Win64/UE4Editor-AvfMediaFactory.dll (API version 3944462).
LogModuleManager: Display: Found up-to-date module file ../../../Engine/Plugins/Media/AvfMedia/Binaries/Win64/UE4Editor-AvfMediaFactory.dll (API version 3944462).
LogModuleManager: Display: Found up-to-date module file ../../../Engine/Plugins/Media/ImgMedia/Binaries/Win64/UE4Editor-ImgMedia.dll (API version 3944462).
LogModuleManager: Display: Found up-to-date module file ../../../Engine/Plugins/Media/ImgMedia/Binaries/Win64/UE4Editor-ImgMediaEditor.dll (API version 3944462).
LogModuleManager: Display: Found up-to-date module file ../../../Engine/Plugins/Media/ImgMedia/Binaries/Win64/UE4Editor-ImgMediaFactory.dll (API version 3944462).
LogModuleManager: Display: Found up-to-date module file ../../../Engine/Plugins/Media/ImgMedia/Binaries/Win64/UE4Editor-ImgMediaFactory.dll (API version 3944462).
LogModuleManager: Display: Found up-to-date module file ../../../Engine/Plugins/Media/ImgMedia/Binaries/Win64/UE4Editor-OpenExrWrapper.dll (API version 3944462).
LogModuleManager: Display: Found up-to-date module file ../../../Engine/Plugins/Media/LinearTimecode/Binaries/Win64/UE4Editor-LinearTimecode.dll (API version 3944462).
LogModuleManager: Display: Found up-to-date module file ../../../Engine/Plugins/Media/MediaCompositing/Binaries/Win64/UE4Editor-MediaCompositing.dll (API version 3944462).
LogModuleManager: Display: Found up-to-date module file ../../../Engine/Plugins/Media/MediaCompositing/Binaries/Win64/UE4Editor-MediaCompositingEditor.dll (API version 3944462).
LogModuleManager: Display: Found up-to-date module file ../../../Engine/Plugins/Media/MediaPlayerEditor/Binaries/Win64/UE4Editor-MediaPlayerEditor.dll (API version 3944462).
LogModuleManager: Display: Found up-to-date module file ../../../Engine/Plugins/Media/WmfMedia/Binaries/Win64/UE4Editor-WmfMedia.dll (API version 3944462).
LogModuleManager: Display: Found up-to-date module file ../../../Engine/Plugins/Media/WmfMedia/Binaries/Win64/UE4Editor-WmfMediaEditor.dll (API version 3944462).
LogModuleManager: Display: Found up-to-date module file ../../../Engine/Plugins/Media/WmfMedia/Binaries/Win64/UE4Editor-WmfMediaFactory.dll (API version 3944462).
LogModuleManager: Display: Found up-to-date module file ../../../Engine/Plugins/Media/WmfMedia/Binaries/Win64/UE4Editor-WmfMediaFactory.dll (API version 3944462).
LogModuleManager: Display: Found up-to-date module file ../../../Engine/Plugins/Messaging/TcpMessaging/Binaries/Win64/UE4Editor-TcpMessaging.dll (API version 3944462).
LogModuleManager: Display: Found up-to-date module file ../../../Engine/Plugins/Messaging/UdpMessaging/Binaries/Win64/UE4Editor-UdpMessaging.dll (API version 3944462).
LogModuleManager: Display: Found up-to-date module file ../../../Engine/Plugins/MovieScene/ActorSequence/Binaries/Win64/UE4Editor-ActorSequence.dll (API version 3944462).
LogModuleManager: Display: Found up-to-date module file ../../../Engine/Plugins/MovieScene/LevelSequenceEditor/Binaries/Win64/UE4Editor-LevelSequenceEditor.dll (API version 3944462).
LogModuleManager: Display: Found up-to-date module file ../../../Engine/Plugins/MovieScene/MatineeToLevelSequence/Binaries/Win64/UE4Editor-MatineeToLevelSequence.dll (API version 3944462).
LogModuleManager: Display: Found up-to-date module file ../../../Engine/Plugins/NetcodeUnitTest/NetcodeUnitTest/Binaries/Win64/UE4Editor-NetcodeUnitTest.dll (API version 3944462).
LogModuleManager: Display: Found up-to-date module file ../../../Engine/Plugins/NetcodeUnitTest/NUTUnrealEngine4/Binaries/Win64/UE4Editor-NUTUnrealEngine4.dll (API version 3944462).
LogModuleManager: Display: Found up-to-date module file ../../../Engine/Plugins/Online/OnlineSubsystem/Binaries/Win64/UE4Editor-OnlineSubsystem.dll (API version 3944462).
LogModuleManager: Display: Found up-to-date module file ../../../Engine/Plugins/Online/OnlineSubsystemNull/Binaries/Win64/UE4Editor-OnlineSubsystemNull.dll (API version 3944462).
LogModuleManager: Display: Found up-to-date module file ../../../Engine/Plugins/Online/OnlineSubsystemUtils/Binaries/Win64/UE4Editor-OnlineSubsystemUtils.dll (API version 3944462).
LogModuleManager: Display: Found up-to-date module file ../../../Engine/Plugins/Online/OnlineSubsystemUtils/Binaries/Win64/UE4Editor-OnlineBlueprintSupport.dll (API version 3944462).
LogModuleManager: Display: Found up-to-date module file ../../../Engine/Plugins/Runtime/AndroidDeviceProfileSelector/Binaries/Win64/UE4Editor-AndroidDeviceProfileSelector.dll (API version 3944462).
LogModuleManager: Display: Found up-to-date module file ../../../Engine/Plugins/Runtime/AndroidPermission/Binaries/Win64/UE4Editor-AndroidPermission.dll (API version 3944462).
LogModuleManager: Display: Found up-to-date module file ../../../Engine/Plugins/Runtime/AppleARKit/Binaries/Win64/UE4Editor-AppleARKit.dll (API version 3944462).
LogModuleManager: Display: Found up-to-date module file ../../../Engine/Plugins/Runtime/ArchVisCharacter/Binaries/Win64/UE4Editor-ArchVisCharacter.dll (API version 3944462).
LogModuleManager: Display: Found up-to-date module file ../../../Engine/Plugins/Runtime/AudioCapture/Binaries/Win64/UE4Editor-AudioCapture.dll (API version 3944462).
LogModuleManager: Display: Found up-to-date module file ../../../Engine/Plugins/Runtime/AudioCapture/Binaries/Win64/UE4Editor-AudioCaptureEditor.dll (API version 3944462).
LogModuleManager: Display: Found up-to-date module file ../../../Engine/Plugins/Runtime/CableComponent/Binaries/Win64/UE4Editor-CableComponent.dll (API version 3944462).
LogModuleManager: Display: Found up-to-date module file ../../../Engine/Plugins/Runtime/CustomMeshComponent/Binaries/Win64/UE4Editor-CustomMeshComponent.dll (API version 3944462).
LogModuleManager: Display: Found up-to-date module file ../../../Engine/Plugins/Runtime/ExampleDeviceProfileSelector/Binaries/Win64/UE4Editor-ExampleDeviceProfileSelector.dll (API version 3944462).
LogModuleManager: Display: Found up-to-date module file ../../../Engine/Plugins/Runtime/ImmediatePhysics/Binaries/Win64/UE4Editor-ImmediatePhysics.dll (API version 3944462).
LogModuleManager: Display: Found up-to-date module file ../../../Engine/Plugins/Runtime/ImmediatePhysics/Binaries/Win64/UE4Editor-ImmediatePhysicsEditor.dll (API version 3944462).
LogModuleManager: Display: Found up-to-date module file ../../../Engine/Plugins/Runtime/LocationServicesBPLibrary/Binaries/Win64/UE4Editor-LocationServicesBPLibrary.dll (API version 3944462).
LogModuleManager: Display: Found up-to-date module file ../../../Engine/Plugins/Runtime/MobilePatchingUtils/Binaries/Win64/UE4Editor-MobilePatchingUtils.dll (API version 3944462).
LogModuleManager: Display: Found up-to-date module file ../../../Engine/Plugins/Runtime/Oculus/OculusVR/Binaries/Win64/UE4Editor-OculusHMD.dll (API version 3944462).
LogModuleManager: Display: Found up-to-date module file ../../../Engine/Plugins/Runtime/Oculus/OculusVR/Binaries/Win64/UE4Editor-OculusInput.dll (API version 3944462).
LogModuleManager: Display: Found up-to-date module file ../../../Engine/Plugins/Runtime/Oculus/OculusVR/Binaries/Win64/UE4Editor-OculusEditor.dll (API version 3944462).
LogModuleManager: Display: Found up-to-date module file ../../../Engine/Plugins/Runtime/PhysXVehicles/Binaries/Win64/UE4Editor-PhysXVehicles.dll (API version 3944462).
LogModuleManager: Display: Found up-to-date module file ../../../Engine/Plugins/Runtime/PhysXVehicles/Binaries/Win64/UE4Editor-PhysXVehiclesEditor.dll (API version 3944462).
LogModuleManager: Display: Found up-to-date module file ../../../Engine/Plugins/Runtime/ProceduralMeshComponent/Binaries/Win64/UE4Editor-ProceduralMeshComponent.dll (API version 3944462).
LogModuleManager: Display: Found up-to-date module file ../../../Engine/Plugins/Runtime/ProceduralMeshComponent/Binaries/Win64/UE4Editor-ProceduralMeshComponentEditor.dll (API version 3944462).
LogModuleManager: Display: Found up-to-date module file ../../../Engine/Plugins/Runtime/RuntimePhysXCooking/Binaries/Win64/UE4Editor-RuntimePhysXCooking.dll (API version 3944462).
LogModuleManager: Display: Found up-to-date module file ../../../Engine/Plugins/Runtime/Steam/SteamVR/Binaries/Win64/UE4Editor-SteamVR.dll (API version 3944462).
LogModuleManager: Display: Found up-to-date module file ../../../Engine/Plugins/Runtime/Steam/SteamVR/Binaries/Win64/UE4Editor-SteamVRController.dll (API version 3944462).
LogModuleManager: Display: Found up-to-date module file ../../../Engine/Plugins/Runtime/WindowsMoviePlayer/Binaries/Win64/UE4Editor-WindowsMoviePlayer.dll (API version 3944462).
LogInit: Using libcurl 7.47.1
LogInit:  - built for x86_64-pc-win32
LogInit:  - supports SSL with OpenSSL/1.0.2g
LogInit:  - supports HTTP deflate (compression) using libz 1.2.8
LogInit:  - other features:
LogInit:      CURL_VERSION_SSL
LogInit:      CURL_VERSION_LIBZ
LogInit:      CURL_VERSION_IPV6
LogInit:      CURL_VERSION_ASYNCHDNS
LogInit:      CURL_VERSION_LARGEFILE
LogInit:      CURL_VERSION_IDN
LogInit:  CurlRequestOptions (configurable via config and command line):
LogInit:  - bVerifyPeer = false  - Libcurl will NOT verify peer certificate
LogInit:  - bUseHttpProxy = false  - Libcurl will NOT use HTTP proxy
LogInit:  - bDontReuseConnections = false  - Libcurl will reuse connections
LogInit:  - CertBundlePath = nullptr  - Libcurl will use whatever was configured at build time.
LogInit:  - MaxHostConnections = 16  - Libcurl will limit the number of connections to a host
LogInit:  - LocalHostAddr = Default
LogInit: WinSock: version 1.1 (2.2), MaxSocks=32767, MaxUdp=65467
LogInit: WinSock: I am DESKTOP-PHNNL2F (192.168.0.6:0)
LogInit: Build: ++UE4+Release-4.19-CL-4033788
LogInit: Engine Version: 4.19.2-4033788+++UE4+Release-4.19
LogInit: Compatible Engine Version: 4.19.0-3944462+++UE4+Release-4.19
LogInit: Net CL: 3944462
LogDevObjectVersion: Number of dev versions registered: 18
LogDevObjectVersion:   Dev-Blueprints (B0D832E4-1F89-4F0D-ACCF-7EB736FD4AA2): 10
LogDevObjectVersion:   Dev-Build (E1C64328-A22C-4D53-A36C-8E866417BD8C): 0
LogDevObjectVersion:   Dev-Core (375EC13C-06E4-48FB-B500-84F0262A717E): 2
LogDevObjectVersion:   Dev-Editor (E4B068ED-F494-42E9-A231-DA0B2E46BB41): 23
LogDevObjectVersion:   Dev-Framework (CFFC743F-43B0-4480-9391-14DF171D2073): 33
LogDevObjectVersion:   Dev-Mobile (B02B49B5-BB20-44E9-A304-32B752E40360): 2
LogDevObjectVersion:   Dev-Networking (A4E4105C-59A1-49B5-A7C5-40C4547EDFEE): 0
LogDevObjectVersion:   Dev-Online (39C831C9-5AE6-47DC-9A44-9C173E1C8E7C): 0
LogDevObjectVersion:   Dev-Physics (78F01B33-EBEA-4F98-B9B4-84EACCB95AA2): 0
LogDevObjectVersion:   Dev-Platform (6631380F-2D4D-43E0-8009-CF276956A95A): 0
LogDevObjectVersion:   Dev-Rendering (12F88B9F-8875-4AFC-A67C-D90C383ABD29): 25
LogDevObjectVersion:   Dev-Sequencer (7B5AE74C-D270-4C10-A958-57980B212A5A): 6
LogDevObjectVersion:   Dev-VR (D7296918-1DD6-4BDD-9DE2-64A83CC13884): 1
LogDevObjectVersion:   Dev-LoadTimes (C2A15278-BFE7-4AFE-6C17-90FF531DF755): 1
LogDevObjectVersion:   Private-Geometry (6EACA3D4-40EC-4CC1-B786-8BED09428FC5): 2
LogDevObjectVersion:   Dev-AnimPhys (29E575DD-E0A3-4627-9D10-D276232CDCEA): 16
LogDevObjectVersion:   Dev-ReflectionCapture (6B266CEC-1EC7-4B8F-A30B-E4D90942FC07): 1
LogDevObjectVersion:   Dev-Automation (0DF73D61-A23F-47EA-B727-89E90C41499A): 1
LogInit: Compiled (64-bit): Apr 27 2018 02:06:57
LogInit: Compiled with Visual C++: 19.00.24215.01
LogInit: Build Configuration: Development
LogInit: Branch Name: ++UE4+Release-4.19
LogInit: Command Line: 
LogInit: Base Directory: Z:/UE_4.19/Engine/Binaries/Win64/
LogInit: Installed Engine Build: 1
LogStreaming: Display: Took  0.004s to delete old logs.
LogInit: Presizing for max 8388607 objects, including 0 objects not considered by GC, pre-allocating 0 bytes for permanent pool.
LogInit: Object subsystem initialized
[2018.12.29-23.20.31:516][  0]LogInit: Selected Device Profile: [Windows]
[2018.12.29-23.20.31:516][  0]LogInit: Applying CVar settings loaded from the selected device profile: [Windows]
[2018.12.29-23.20.31:533][  0]LogInit: Computer: DESKTOP-PHNNL2F
[2018.12.29-23.20.31:533][  0]LogInit: User: Jason
[2018.12.29-23.20.31:533][  0]LogInit: CPU Page size=4096, Cores=4
[2018.12.29-23.20.31:533][  0]LogInit: High frequency timer resolution =2.435776 MHz
[2018.12.29-23.20.31:533][  0]LogMemory: Memory total: Physical=15.9GB (16GB approx)
[2018.12.29-23.20.31:533][  0]LogMemory: Platform Memory Stats for Windows
[2018.12.29-23.20.31:533][  0]LogMemory: Process Physical Memory: 274.61 MB used, 274.61 MB peak
[2018.12.29-23.20.31:533][  0]LogMemory: Process Virtual Memory: 264.67 MB used, 264.67 MB peak
[2018.12.29-23.20.31:533][  0]LogMemory: Physical Memory: 8394.27 MB used,  7865.99 MB free, 16260.26 MB total
[2018.12.29-23.20.31:533][  0]LogMemory: Virtual Memory: 4790.48 MB used,  7865.99 MB free, 134217728.00 MB total
[2018.12.29-23.20.31:560][  0]LogInit: Using OS detected language (en-US).
[2018.12.29-23.20.31:560][  0]LogInit: Using OS detected locale (en-GB).
[2018.12.29-23.20.31:563][  0]LogTextLocalizationManager: No specific localization for 'en-US' exists, so the 'en' localization will be used.
[2018.12.29-23.20.32:024][  0]LogStreaming: Display: Took  0.464s to EndInitTextLocalization.
[2018.12.29-23.20.32:024][  0]LogInit: Setting process to per monitor DPI aware
[2018.12.29-23.20.32:071][  0]LogSlate: New Slate User Created.  User Index 0, Is Virtual User: 0
[2018.12.29-23.20.32:071][  0]LogSlate: Slate User Registered.  User Index 0, Is Virtual User: 0
[2018.12.29-23.20.32:287][  0]LogD3D11RHI: D3D11 adapters:
[2018.12.29-23.20.32:295][  0]LogD3D11RHI:    0. 'Intel(R) Iris(TM) Pro Graphics 5200' (Feature Level 11_0)
[2018.12.29-23.20.32:295][  0]LogD3D11RHI:       112/0/2048 MB DedicatedVideo/DedicatedSystem/SharedSystem, Outputs:2, VendorId:0x8086
[2018.12.29-23.20.32:297][  0]LogD3D11RHI:    1. 'Microsoft Basic Render Driver' (Feature Level 11_0)
[2018.12.29-23.20.32:297][  0]LogD3D11RHI:       0/0/8130 MB DedicatedVideo/DedicatedSystem/SharedSystem, Outputs:0, VendorId:0x1414
[2018.12.29-23.20.32:297][  0]LogD3D11RHI: Chosen D3D11 Adapter: 0
[2018.12.29-23.20.32:307][  0]LogD3D11RHI: Creating new Direct3DDevice
[2018.12.29-23.20.32:307][  0]LogD3D11RHI:     GPU DeviceId: 0xd26 (for the marketing name, search the web for "GPU Device Id")
[2018.12.29-23.20.32:307][  0]LogWindows: EnumDisplayDevices:
[2018.12.29-23.20.32:307][  0]LogWindows:    0. 'Intel(R) Iris(TM) Pro Graphics 5200' (P:0 D:1)
[2018.12.29-23.20.32:308][  0]LogWindows:    1. 'Intel(R) Iris(TM) Pro Graphics 5200' (P:1 D:1)
[2018.12.29-23.20.32:308][  0]LogWindows:    2. 'Intel(R) Iris(TM) Pro Graphics 5200' (P:0 D:0)
[2018.12.29-23.20.32:308][  0]LogWindows: DebugString: GetVideoDriverDetailsInvalid PrimaryIsNotTheChoosenAdapter GetVideoDriverDetailsInvalid PrimaryIsNotTheChoosenAdapter GetVideoDriverDetailsInvalid PrimaryIsNotTheChoosenAdapter FoundDriverCount:0 
[2018.12.29-23.20.32:308][  0]LogD3D11RHI:     Adapter Name: Intel(R) Iris(TM) Pro Graphics 5200
[2018.12.29-23.20.32:308][  0]LogD3D11RHI:   Driver Version: Unknown (internal:Unknown, unified:Unknown)
[2018.12.29-23.20.32:308][  0]LogD3D11RHI:      Driver Date: Unknown
[2018.12.29-23.20.32:308][  0]LogRHI: Texture pool is 795 MB (70% of 1136 MB)
[2018.12.29-23.20.32:314][  0]LogD3D11RHI: Async texture creation enabled
[2018.12.29-23.20.32:321][  0]LogD3D11RHI: GPU Timing Frequency: 12.500000 (Debug: 2 0)
[2018.12.29-23.20.32:322][  0]LogShaderCompilers: Guid format shader working directory is 26 characters bigger than the processId version (../../../../SMBClone/Intermediate/Shaders/WorkingDirectory/2100/).
[2018.12.29-23.20.32:322][  0]LogShaderCompilers: Cleaned the shader compiler working directory 'C:/Users/Jason/AppData/Local/Temp/UnrealShaderWorkingDir/B36133C449D19C94B93BE6ABE00F2C5D/'.
[2018.12.29-23.20.32:580][  0]LogTemp: Display: Loaded TP AllDesktopTargetPlatform
[2018.12.29-23.20.32:593][  0]LogTemp: Display: Loaded TP MacClientTargetPlatform
[2018.12.29-23.20.32:606][  0]LogTemp: Display: Loaded TP MacNoEditorTargetPlatform
[2018.12.29-23.20.32:620][  0]LogTemp: Display: Loaded TP MacServerTargetPlatform
[2018.12.29-23.20.32:633][  0]LogTemp: Display: Loaded TP MacTargetPlatform
[2018.12.29-23.20.32:646][  0]LogTemp: Display: Loaded TP WindowsClientTargetPlatform
[2018.12.29-23.20.32:666][  0]LogTemp: Display: Loaded TP WindowsNoEditorTargetPlatform
[2018.12.29-23.20.32:679][  0]LogTemp: Display: Loaded TP WindowsServerTargetPlatform
[2018.12.29-23.20.32:686][  0]LogTemp: Display: Loaded TP WindowsTargetPlatform
[2018.12.29-23.20.32:698][  0]LogTemp: Display: Loaded TP Android_ASTCTargetPlatform
[2018.12.29-23.20.32:710][  0]LogTemp: Display: Loaded TP Android_ATCTargetPlatform
[2018.12.29-23.20.32:725][  0]LogTemp: Display: Loaded TP Android_DXTTargetPlatform
[2018.12.29-23.20.32:737][  0]LogTemp: Display: Loaded TP Android_ETC1aTargetPlatform
[2018.12.29-23.20.32:749][  0]LogTemp: Display: Loaded TP Android_ETC1TargetPlatform
[2018.12.29-23.20.32:762][  0]LogTemp: Display: Loaded TP Android_ETC2TargetPlatform
[2018.12.29-23.20.32:790][  0]LogTemp: Display: Loaded TP Android_MultiTargetPlatform
[2018.12.29-23.20.32:790][  0]LogTemp: Display: Loaded TP Android_PVRTCTargetPlatform
[2018.12.29-23.20.32:802][  0]LogTemp: Display: Loaded TP AndroidTargetPlatform
[2018.12.29-23.20.32:803][  0]LogTemp: Display: Loaded TP HTML5TargetPlatform
[2018.12.29-23.20.32:840][  0]LogTemp: Display: Loaded TP IOSTargetPlatform
[2018.12.29-23.20.32:857][  0]LogTemp: Display: Loaded TP TVOSTargetPlatform
[2018.12.29-23.20.32:878][  0]LogTemp: Display: Loaded TP LinuxClientTargetPlatform
[2018.12.29-23.20.32:893][  0]LogTemp: Display: Loaded TP LinuxNoEditorTargetPlatform
[2018.12.29-23.20.32:908][  0]LogTemp: Display: Loaded TP LinuxServerTargetPlatform
[2018.12.29-23.20.32:928][  0]LogTemp: Display: Loaded TP LinuxTargetPlatform
[2018.12.29-23.20.32:928][  0]LogTargetPlatformManager: Display: Building Assets For Windows
[2018.12.29-23.20.33:057][  0]LogXGEController: Cleaning working directory: C:/Users/Jason/AppData/Local/Temp/UnrealXGEWorkingDir/
[2018.12.29-23.20.33:057][  0]LogXGEController: Cannot use XGE Controller as Incredibuild is not installed on this machine.
[2018.12.29-23.20.33:057][  0]LogShaderCompilers: Cannot use XGE Shader Compiler as Incredibuild is not installed on this machine.
[2018.12.29-23.20.33:057][  0]LogShaderCompilers: Display: Using Local Shader Compiler.
[2018.12.29-23.20.33:918][  0]LogDerivedDataCache: Display: Max Cache Size: 512 MB
[2018.12.29-23.20.34:028][  0]LogDerivedDataCache: Loaded boot cache 0.11s 74MB C:/Users/Jason/AppData/Local/UnrealEngine/4.19/DerivedDataCache/Boot.ddc.
[2018.12.29-23.20.34:028][  0]LogDerivedDataCache: Display: Loaded Boot cache: C:/Users/Jason/AppData/Local/UnrealEngine/4.19/DerivedDataCache/Boot.ddc
[2018.12.29-23.20.34:028][  0]LogDerivedDataCache: FDerivedDataBackendGraph:  Pak pak cache file ../../../../SMBClone/DerivedDataCache/DDC.ddp not found, will not use a pak cache.
[2018.12.29-23.20.34:028][  0]LogDerivedDataCache: Unable to find inner node Pak for hierarchical cache Hierarchy.
[2018.12.29-23.20.34:029][  0]LogDerivedDataCache: FDerivedDataBackendGraph:  CompressedPak pak cache file ../../../../SMBClone/DerivedDataCache/Compressed.ddp not found, will not use a pak cache.
[2018.12.29-23.20.34:029][  0]LogDerivedDataCache: Unable to find inner node CompressedPak for hierarchical cache Hierarchy.
[2018.12.29-23.20.34:050][  0]LogDerivedDataCache: Display: Pak cache opened for reading ../../../Engine/DerivedDataCache/Compressed.ddp.
[2018.12.29-23.20.34:062][  0]LogDerivedDataCache: Using Local data cache path C:/Users/Jason/AppData/Local/UnrealEngine/Common/DerivedDataCache: Writable
[2018.12.29-23.20.34:062][  0]LogDerivedDataCache: Shared data cache path not found in *engine.ini, will not use an Shared cache.
[2018.12.29-23.20.34:062][  0]LogDerivedDataCache: Unable to find inner node Shared for hierarchical cache Hierarchy.
[2018.12.29-23.20.34:078][  0]LogMaterial: Verifying Global Shaders for PCD3D_SM5
[2018.12.29-23.20.34:078][  0]LogSlate: Using Freetype 2.6.0
[2018.12.29-23.20.34:079][  0]LogSlate: SlateFontCache - WITH_FREETYPE: 1, WITH_HARFBUZZ: 1
[2018.12.29-23.20.34:079][  0]LogSlate: SlateFontCache - WITH_FREETYPE: 1, WITH_HARFBUZZ: 1
[2018.12.29-23.20.34:235][  0]LogAssetRegistry: FAssetRegistry took 0.0297 seconds to start up
[2018.12.29-23.20.34:613][  0]LogInit: Selected Device Profile: [Windows]
[2018.12.29-23.20.34:781][  0]LogSimplygon: Simplygon DLL not present - disabling.
[2018.12.29-23.20.34:784][  0]LogMeshReduction: Using SimplygonSwarm for distributed automatic mesh merging
[2018.12.29-23.20.34:784][  0]LogMeshReduction: Using QuadricMeshReduction for automatic static mesh reduction
[2018.12.29-23.20.34:784][  0]LogMeshReduction: No automatic skeletal mesh reduction module available
[2018.12.29-23.20.34:784][  0]LogMeshReduction: No automatic mesh merging module available
[2018.12.29-23.20.34:784][  0]LogMeshMerging: No automatic mesh merging module available
[2018.12.29-23.20.34:829][  0]LogNetVersion: SMBClone , NetCL: 3944462, EngineNetVer: 2, GameNetVer: 0 (Checksum: 657049582)
[2018.12.29-23.20.35:380][  0]LogPackageLocalizationCache: Processed 9 localized package path(s) for 2 prioritized culture(s) in 0.148466 seconds
[2018.12.29-23.20.35:385][  0]LogUObjectArray: 36728 objects as part of root set at end of initial load.
[2018.12.29-23.20.35:385][  0]LogUObjectAllocator: 7314312 out of 0 bytes used by permanent object pool.
[2018.12.29-23.20.35:386][  0]LogUObjectArray: CloseDisregardForGC: 0/0 objects in disregard for GC pool
[2018.12.29-23.20.37:131][  0]LogTcpMessaging: Initializing TcpMessaging bridge
[2018.12.29-23.20.37:164][  0]LogUdpMessaging: Initializing bridge on interface 0.0.0.0:0 to multicast group 230.0.0.1:6666.
[2018.12.29-23.20.37:579][  0]SourceControl: Source control is disabled
[2018.12.29-23.20.37:579][  0]SourceControl: Source control is disabled
[2018.12.29-23.20.37:601][  0]SourceControl: Source control is disabled
[2018.12.29-23.20.37:626][  0]SourceControl: Source control is disabled
[2018.12.29-23.20.38:167][  0]LogAndroidPermission: UAndroidPermissionCallbackProxy::GetInstance
[2018.12.29-23.20.38:367][  0]LogOcInput: OculusInput pre-init called
[2018.12.29-23.20.38:480][  0]LogEngine: Initializing Engine...
[2018.12.29-23.20.38:481][  0]LogHMD: Failed to initialize OpenVR with code 110
[2018.12.29-23.20.38:482][  0]LogStats: UGameplayTagsManager::ConstructGameplayTagTree: Construct from data asset -  0.000 s
[2018.12.29-23.20.38:483][  0]LogStats: UGameplayTagsManager::ConstructGameplayTagTree: GameplayTagTreeChangedEvent.Broadcast -  0.000 s
[2018.12.29-23.20.38:732][  0]LogAIModule: Creating AISystem for world Untitled
[2018.12.29-23.20.38:759][  0]LogInit: XAudio2 using 'SONY TV (Intel(R) Display Audio)' : 2 channels at 48 kHz using 16 bits per sample (channel mask 0x3)
[2018.12.29-23.20.38:771][  0]LogInit: FAudioDevice initialized.
[2018.12.29-23.20.38:918][  0]LogDerivedDataCache: Saved boot cache 0.15s 74MB C:/Users/Jason/AppData/Local/UnrealEngine/4.19/DerivedDataCache/Boot.ddc.
[2018.12.29-23.20.38:944][  0]LogInit: Texture streaming: Enabled
[2018.12.29-23.20.38:963][  0]LogEngineSessionManager: EngineSessionManager initialized
[2018.12.29-23.20.38:964][  0]LogEngineSessionManager: EngineSessionManager sent abnormal shutdown report. Type=Crashed, SessionId={8E5381A0-4285-11EE-5898-61B816929D6E}
[2018.12.29-23.20.38:986][  0]LogInit: Transaction tracking system initialized
[2018.12.29-23.20.39:011][  0]BlueprintLog: New page: Editor Load
[2018.12.29-23.20.39:085][  0]LocalizationService: Localization service is disabled
[2018.12.29-23.20.39:190][  0]LogConsoleResponse: Display: 
[2018.12.29-23.20.39:347][  0]LogCook: Display: Max memory allowance for cook 16384mb min free memory 0mb
[2018.12.29-23.20.39:347][  0]LogCook: Display: Mobile HDR setting 1
[2018.12.29-23.20.39:347][  0]LogGameplayTags: Display: UGameplayTagsManager::DoneAddingNativeTags. DelegateIsBound: 0
[2018.12.29-23.20.39:347][  0]LogStats: UGameplayTagsManager::ConstructGameplayTagTree: Construct from data asset -  0.000 s
[2018.12.29-23.20.39:347][  0]LogStats: UGameplayTagsManager::ConstructGameplayTagTree: GameplayTagTreeChangedEvent.Broadcast -  0.000 s
[2018.12.29-23.20.39:400][  0]LogFileCache: Scanning file cache for directory 'Z:/SMBClone/Content/' took 0.01s
[2018.12.29-23.20.39:745][  0]SourceControl: Source control is disabled
[2018.12.29-23.20.39:745][  0]Cmd: MAP LOAD FILE="../../../../SMBClone/Content/TempLevel.umap" TEMPLATE=0 SHOWPROGRESS=1 FEATURELEVEL=3
[2018.12.29-23.20.39:746][  0]LightingResults: New page: Lighting Build
[2018.12.29-23.20.39:748][  0]MapCheck: New page: Map Check
[2018.12.29-23.20.39:748][  0]LightingResults: New page: Lighting Build
[2018.12.29-23.20.39:767][  0]LogUObjectGlobals: Created PersistentFrame Addr=0x000002fa7d86cd40, Size=216, Default__AlternateBumperBP_C Function /Game/AlternateBumperBP.AlternateBumperBP_C:ExecuteUbergraph_AlternateBumperBP
[2018.12.29-23.20.39:774][  0]LogUObjectGlobals: Destroyed PersistentFrame Addr=0x000002fa7d86cd40, Size=216
[2018.12.29-23.20.39:774][  0]LogUObjectGlobals: Created PersistentFrame Addr=0x000002fa00806da0, Size=216, Default__AlternateBumperBP_C Function /Engine/Transient.REINST_AlternateBumperBP_C_1:ExecuteUbergraph_AlternateBumperBP
[2018.12.29-23.20.39:778][  0]LogUObjectGlobals: Created PersistentFrame Addr=0x000002fa00805d00, Size=216, Default__AlternateBumperBP_C Function /Game/AlternateBumperBP.AlternateBumperBP_C:ExecuteUbergraph_AlternateBumperBP
[2018.12.29-23.20.39:878][  0]LogAIModule: Creating AISystem for world TempLevel
[2018.12.29-23.20.39:885][  0]LogEditorServer: Finished looking for orphan Actors (0.000 secs)
[2018.12.29-23.20.39:899][  0]LogUObjectGlobals: Destroyed PersistentFrame Addr=0x000002fa00806da0, Size=216
[2018.12.29-23.20.39:899][  0]Cmd: MAP CHECKDEP NOCLEARLOG
[2018.12.29-23.20.39:954][  0]MapCheck: Map check complete: 0 Error(s), 0 Warning(s), took 54.482ms to complete.
[2018.12.29-23.20.39:954][  0]LogFileHelpers: Loading map 'TempLevel' took 0.208
[2018.12.29-23.20.40:117][  0]LogCollectionManager: Loaded 0 collections in 0.001451 seconds
[2018.12.29-23.20.40:167][  0]LogFileCache: Scanning file cache for directory 'Z:/SMBClone/Saved/Collections/' took 0.01s
[2018.12.29-23.20.40:167][  0]LogFileCache: Scanning file cache for directory 'Z:/SMBClone/Content/Developers/Jason/Collections/' took 0.01s
[2018.12.29-23.20.40:167][  0]LogFileCache: Scanning file cache for directory 'Z:/SMBClone/Content/Collections/' took 0.01s
[2018.12.29-23.20.40:167][  0]LogCollectionManager: Rebuilt the GUID cache for 0 collections in 0.000000 seconds
[2018.12.29-23.20.40:178][  0]LogContentBrowser: Native class hierarchy populated in 0.0109 seconds. Added 2460 classes and 561 folders.
[2018.12.29-23.20.40:187][  0]LogContentBrowser: Native class hierarchy updated for 'WidgetCarousel' in 0.0012 seconds. Added 0 classes and 0 folders.
[2018.12.29-23.20.40:246][  0]LogContentBrowser: Native class hierarchy updated for 'AddContentDialog' in 0.0012 seconds. Added 0 classes and 0 folders.
[2018.12.29-23.20.40:255][  0]LogContentBrowser: Native class hierarchy updated for 'SceneOutliner' in 0.0014 seconds. Added 1 classes and 2 folders.
[2018.12.29-23.20.41:430][  0]LogSlate: Only BGRA pngs, bmps or icos are supported in by External Image Picker
[2018.12.29-23.20.41:455][  0]LogSlate: Took 0.000283 seconds to synchronously load lazily loaded font '../../../Engine/Content/Slate/Fonts/Roboto-Regular.ttf' (155K)
[2018.12.29-23.20.41:459][  0]LogSlate: Took 0.000238 seconds to synchronously load lazily loaded font '../../../Engine/Content/Slate/Fonts/Roboto-Bold.ttf' (160K)
[2018.12.29-23.20.41:468][  0]LogSlate: Took 0.000246 seconds to synchronously load lazily loaded font '../../../Engine/Content/Editor/Slate/Fonts/FontAwesome.ttf' (139K)
[2018.12.29-23.20.41:469][  0]LogSlate: Took 0.000178 seconds to synchronously load lazily loaded font '../../../Engine/Content/Slate/Fonts/DroidSansMono.ttf' (77K)
[2018.12.29-23.20.41:651][  0]LogTemp: Executing iPhonePackager certificates Engine -bundlename com.YourCompany.SMBClone
[2018.12.29-23.20.41:652][  0]LogTemp: CWD: Z:\UE_4.19\Engine\Binaries\DotNET\IOS
[2018.12.29-23.20.41:652][  0]LogTemp: Initial Dir: Z:\UE_4.19
[2018.12.29-23.20.41:652][  0]LogTemp: Env CWD: Z:\UE_4.19\Engine\Binaries\DotNET\IOS
[2018.12.29-23.20.41:652][  0]LogTemp: BranchPath = DESKTOP-PHNNL2F/Z/UE_4.19/Engine/Binaries --- GameBranchPath = DESKTOP-PHNNL2F/Z/UE_4.19/Engine/Binaries
[2018.12.29-23.20.41:652][  0]LogTemp: IPP ERROR: Could not find provision directory 'C:\Users\Jason\AppData\Local/Apple Computer/MobileDevice/Provisioning Profiles/'.
[2018.12.29-23.20.41:652][  0]LogRenderer: Reallocating scene render targets to support 944x400 Format 10 NumSamples 1 (Frame:1).
[2018.12.29-23.20.42:110][  0]LogContentBrowser: Native class hierarchy updated for 'HierarchicalLODOutliner' in 0.0011 seconds. Added 0 classes and 0 folders.
[2018.12.29-23.20.42:110][  0]LogLoad: (Engine Initialization) Total time: 14.57 seconds
[2018.12.29-23.20.42:110][  0]LogLoad: (Engine Initialization) Total Blueprint compile time: 0.00 seconds
[2018.12.29-23.20.42:120][  0]LogWindowsTextInputMethodSystem: Display: IME system now deactivated.
[2018.12.29-23.20.42:147][  0]LogContentStreaming: Texture pool size now 1000 MB
[2018.12.29-23.20.42:202][  1]LogAssetRegistry: Asset discovery search completed in 7.9895 seconds
[2018.12.29-23.20.42:205][  1]LogCollectionManager: Rebuilt the object cache for 0 collections in 0.000000 seconds (found 0 objects)
[2018.12.29-23.20.42:205][  1]LogCollectionManager: Fixed up redirectors for 0 collections in 0.000324 seconds (updated 0 objects)
[2018.12.29-23.20.49:231][ 22]LogSlate: FSceneViewport::OnFocusLost() reason 0
[2018.12.29-23.20.49:311][ 25]Candidate modules for hot reload:
[2018.12.29-23.20.49:311][ 25]  SMBClone
[2018.12.29-23.20.49:311][ 25]Launching UnrealBuildTool... [Z:/UE_4.19/Engine/Binaries/DotNET/UnrealBuildTool.exe SMBClone -ModuleWithSuffix=SMBClone,673 Win64 Development -editorrecompile -canskiplink "Z:/SMBClone/SMBClone.uproject" ]
[2018.12.29-23.20.49:320][ 25]Warning: Starting HotReload took  0.1s.
[2018.12.29-23.20.57:795][218]CompilerResultsLog: New page: Compilation - 29 Dec 2018 23:20:57
[2018.12.29-23.20.57:796][218]CompilerResultsLog: Using 'git status' to determine working set for adaptive non-unity build.
[2018.12.29-23.20.57:796][218]CompilerResultsLog: Creating makefile for hot reloading SMBClone (ini files are newer than UBTMakefile)
[2018.12.29-23.20.57:796][218]CompilerResultsLog: Compiling game modules for hot reload
[2018.12.29-23.20.57:796][218]CompilerResultsLog: Performing 3 actions (4 in parallel)
[2018.12.29-23.20.57:797][218]CompilerResultsLog: Bumper.cpp
[2018.12.29-23.20.57:797][218]CompilerResultsLog: Error: Z:\SMBClone\Source\SMBClone\Private\Bumper.cpp(45) : error C2440: 'initializing': cannot convert from 'overloaded-function' to 'float'
[2018.12.29-23.20.57:797][218]CompilerResultsLog: Error: Z:\SMBClone\Source\SMBClone\Private\Bumper.cpp(45) : note: Context does not allow for disambiguation of overloaded function
[2018.12.29-23.20.57:797][218]CompilerResultsLog: Error: Z:\SMBClone\Source\SMBClone\Private\Bumper.cpp(45) : error C2146: syntax error: missing ';' before identifier 'GetBallVelocity'
[2018.12.29-23.20.57:797][218]CompilerResultsLog: Error: Z:\SMBClone\Source\SMBClone\Private\Bumper.cpp(45) : error C3861: 'GetBallVelocity': identifier not found
[2018.12.29-23.20.57:798][218]CompilerResultsLog: ERROR: UBT ERROR: Failed to produce item: Z:\SMBClone\Binaries\Win64\UE4Editor-SMBClone-673.dll
[2018.12.29-23.20.57:798][218]CompilerResultsLog: Total build time: 8.21 seconds (Local executor: 0.00 seconds)
[2018.12.29-23.20.57:798][218]LogMainFrame: MainFrame: Module compiling took 8.497 seconds
[2018.12.29-23.20.57:798][218]Warning: HotReload failed, recompile failed
[2018.12.29-23.22.09:156][431]Candidate modules for hot reload:
[2018.12.29-23.22.09:156][431]  SMBClone
[2018.12.29-23.22.09:156][431]Launching UnrealBuildTool... [Z:/UE_4.19/Engine/Binaries/DotNET/UnrealBuildTool.exe SMBClone -ModuleWithSuffix=SMBClone,6653 Win64 Development -editorrecompile -canskiplink "Z:/SMBClone/SMBClone.uproject" ]
[2018.12.29-23.22.09:171][431]Warning: Starting HotReload took  0.0s.
[2018.12.29-23.22.13:131][539]CompilerResultsLog: New page: Compilation - 29 Dec 2018 23:22:13
[2018.12.29-23.22.13:132][539]CompilerResultsLog: Using 'git status' to determine working set for adaptive non-unity build.
[2018.12.29-23.22.13:132][539]CompilerResultsLog: Compiling game modules for hot reload
[2018.12.29-23.22.13:132][539]CompilerResultsLog: Performing 3 actions (4 in parallel)
[2018.12.29-23.22.13:133][539]CompilerResultsLog: Bumper.cpp
[2018.12.29-23.22.13:133][539]CompilerResultsLog: [2/3] Link UE4Editor-SMBClone-6653.dll
[2018.12.29-23.22.13:133][539]CompilerResultsLog: [3/3] Link UE4Editor-SMBClone-6653.lib
[2018.12.29-23.22.13:133][539]CompilerResultsLog:    Creating library Z:\SMBClone\Intermediate\Build\Win64\UE4Editor\Development\UE4Editor-SMBClone-6653.lib and object Z:\SMBClone\Intermediate\Build\Win64\UE4Editor\Development\UE4Editor-SMBClone-6653.exp
[2018.12.29-23.22.13:133][539]CompilerResultsLog:    Creating library Z:\SMBClone\Intermediate\Build\Win64\UE4Editor\Development\UE4Editor-SMBClone-6653.suppressed.lib and object Z:\SMBClone\Intermediate\Build\Win64\UE4Editor\Development\UE4Editor-SMBClone-6653.suppressed.exp
[2018.12.29-23.22.13:134][539]CompilerResultsLog: Total build time: 3.62 seconds (Local executor: 2.64 seconds)
[2018.12.29-23.22.13:134][539]LogMainFrame: MainFrame: Module compiling took 3.988 seconds
[2018.12.29-23.22.13:172][539]LogContentBrowser: Native class hierarchy updated for 'SMBClone' in 0.0011 seconds. Added 8 classes and 3 folders.
[2018.12.29-23.22.13:174][539]Display: HotReload successful (12 functions remapped  0 scriptstructs remapped)
[2018.12.29-23.22.13:287][539]LogContentBrowser: Native class hierarchy populated in 0.0134 seconds. Added 2461 classes and 563 folders.
[2018.12.29-23.22.13:287][539]Display: HotReload took  4.2s.
[2018.12.29-23.22.26:128][578]LogTemp: Repeating last play command: Selected Viewport
[2018.12.29-23.22.26:163][578]LogPlayLevel: PlayLevel: No blueprints needed recompiling
[2018.12.29-23.22.26:163][578]PIE: New page: PIE session: TempLevel (29 Dec 2018 23:22:26)
[2018.12.29-23.22.26:164][578]LogPlayLevel: Creating play world package: /Game/UEDPIE_0_TempLevel
[2018.12.29-23.22.26:165][578]LogPlayLevel: PIE: StaticDuplicateObject took: (0.001718s)
[2018.12.29-23.22.26:166][578]LogAIModule: Creating AISystem for world TempLevel
[2018.12.29-23.22.26:166][578]LogPlayLevel: PIE: World Init took: (0.000918s)
[2018.12.29-23.22.26:167][578]LogPlayLevel: PIE: Created PIE world by copying editor world from /Game/TempLevel.TempLevel to /Game/UEDPIE_0_TempLevel.TempLevel (0.003059s)
[2018.12.29-23.22.26:189][578]LogInit: XAudio2 using 'SONY TV (Intel(R) Display Audio)' : 2 channels at 48 kHz using 16 bits per sample (channel mask 0x3)
[2018.12.29-23.22.26:196][578]LogInit: FAudioDevice initialized.
[2018.12.29-23.22.26:264][578]LogUObjectGlobals: Created PersistentFrame Addr=0x000002fa0f496700, Size=616, Default__Ball_BP_C Function /Game/Ball_BP.Ball_BP_C:ExecuteUbergraph_Ball_BP
[2018.12.29-23.22.26:274][578]LogUObjectGlobals: Destroyed PersistentFrame Addr=0x000002fa0f496700, Size=616
[2018.12.29-23.22.26:274][578]LogUObjectGlobals: Created PersistentFrame Addr=0x000002fa0f495a80, Size=616, Default__Ball_BP_C Function /Engine/Transient.REINST_Ball_BP_C_5:ExecuteUbergraph_Ball_BP
[2018.12.29-23.22.26:282][578]LogUObjectGlobals: Created PersistentFrame Addr=0x000002fa0f85e480, Size=616, Default__Ball_BP_C Function /Game/Ball_BP.Ball_BP_C:ExecuteUbergraph_Ball_BP
[2018.12.29-23.22.26:383][578]LogLoad: Game class is 'GameModeTemp_C'
[2018.12.29-23.22.26:386][578]LogWorld: Bringing World /Game/UEDPIE_0_TempLevel.TempLevel up for play (max tick rate 0) at 2018.12.29-23.22.26
[2018.12.29-23.22.26:386][578]LogWorld: Bringing up level for play took: 0.001471
[2018.12.29-23.22.26:416][578]LogContentBrowser: Native class hierarchy updated for 'MovieSceneCapture' in 0.0015 seconds. Added 11 classes and 0 folders.
[2018.12.29-23.22.26:418][578]PIE: Play in editor start time for /Game/UEDPIE_0_TempLevel 0.33
[2018.12.29-23.22.29:032][684]LogTemp: Warning: hit X=0.579 Y=0.775 Z=0.253
[2018.12.29-23.22.30:047][727]LogUObjectGlobals: Destroyed PersistentFrame Addr=0x000002fa0f495a80, Size=616
[2018.12.29-23.23.36:499][475]LogSlate: FSceneViewport::OnFocusLost() reason 0
[2018.12.29-23.23.36:545][475]Candidate modules for hot reload:
[2018.12.29-23.23.36:545][475]  SMBClone
[2018.12.29-23.23.36:545][475]Launching UnrealBuildTool... [Z:/UE_4.19/Engine/Binaries/DotNET/UnrealBuildTool.exe SMBClone -ModuleWithSuffix=SMBClone,8370 Win64 Development -editorrecompile -canskiplink "Z:/SMBClone/SMBClone.uproject" ]
[2018.12.29-23.23.36:555][475]Warning: Starting HotReload took  0.1s.
[2018.12.29-23.23.39:276][606]CompilerResultsLog: New page: Compilation - 29 Dec 2018 23:23:39
[2018.12.29-23.23.39:277][606]CompilerResultsLog: Using 'git status' to determine working set for adaptive non-unity build.
[2018.12.29-23.23.39:277][606]CompilerResultsLog: Compiling game modules for hot reload
[2018.12.29-23.23.39:277][606]CompilerResultsLog: Performing 3 actions (4 in parallel)
[2018.12.29-23.23.39:278][606]CompilerResultsLog: Bumper.cpp
[2018.12.29-23.23.39:278][606]CompilerResultsLog: Error: Z:\SMBClone\Source\SMBClone\Private\Bumper.cpp(53) : error C2039: 'ChangeBallVelocity': is not a member of 'AActor'
[2018.12.29-23.23.39:278][606]CompilerResultsLog: Error: Z:\SMBClone\Intermediate\Build\Win64\UE4Editor\Inc\SMBClone\Bumper.generated.h(12) : note: see declaration of 'AActor'
[2018.12.29-23.23.39:279][606]CompilerResultsLog: ERROR: UBT ERROR: Failed to produce item: Z:\SMBClone\Binaries\Win64\UE4Editor-SMBClone-8370.dll
[2018.12.29-23.23.39:279][606]CompilerResultsLog: Total build time: 2.34 seconds (Local executor: 0.00 seconds)
[2018.12.29-23.23.39:279][606]LogMainFrame: MainFrame: Module compiling took 2.746 seconds
[2018.12.29-23.23.39:280][606]Warning: HotReload failed, recompile failed
[2018.12.29-23.33.14:920][844]LogSlate: Window 'SMBClone - Unreal Editor' being destroyed
[2018.12.29-23.33.15:164][845]Cmd: QUIT_EDITOR
[2018.12.29-23.33.15:464][845]LogWindowsTextInputMethodSystem: Display: IME system now deactivated.
[2018.12.29-23.33.15:479][845]LogSlate: Slate User Destroyed.  User Index 0, Is Virtual User: 0
[2018.12.29-23.33.15:479][845]LogExit: Preparing to exit.
[2018.12.29-23.33.16:575][845]LogActorComponent: UnregisterComponent: (None.None) Not registered. Aborting.
[2018.12.29-23.33.16:575][845]LogActorComponent: UnregisterComponent: (None.None) Not registered. Aborting.
[2018.12.29-23.33.16:575][845]LogActorComponent: UnregisterComponent: (None.None) Not registered. Aborting.
[2018.12.29-23.33.16:575][845]LogActorComponent: UnregisterComponent: (None.None) Not registered. Aborting.
[2018.12.29-23.33.16:575][845]LogActorComponent: UnregisterComponent: (None.None) Not registered. Aborting.
[2018.12.29-23.33.16:575][845]LogActorComponent: UnregisterComponent: (None.None) Not registered. Aborting.
[2018.12.29-23.33.16:575][845]LogActorComponent: UnregisterComponent: (None.None) Not registered. Aborting.
[2018.12.29-23.33.16:580][845]LogDirectoryWatcher: A directory notification for 'Z:/SMBClone/Content/' was aborted.
[2018.12.29-23.33.16:611][845]LogExit: Editor shut down
[2018.12.29-23.33.16:623][845]LogExit: Transaction tracking system shut down
[2018.12.29-23.33.16:624][845]LogUObjectGlobals: Destroyed PersistentFrame Addr=0x000002fa00805d00, Size=216
[2018.12.29-23.33.16:625][845]LogUObjectGlobals: Destroyed PersistentFrame Addr=0x000002fa0f85e480, Size=616
[2018.12.29-23.33.16:906][845]LogDirectoryWatcher: A directory notification for '../../../Engine/Content/' was aborted.
[2018.12.29-23.33.16:906][845]LogDirectoryWatcher: A directory notification for '../../../../SMBClone/Content/' was aborted.
[2018.12.29-23.33.16:906][845]LogDirectoryWatcher: A directory notification for '../../Plugins/2D/Paper2D/Content/' was aborted.
[2018.12.29-23.33.16:906][845]LogDirectoryWatcher: A directory notification for '../../Plugins/Enterprise/DatasmithContent/Content/' was aborted.
[2018.12.29-23.33.16:906][845]LogDirectoryWatcher: A directory notification for '../../Plugins/Media/MediaCompositing/Content/' was aborted.
[2018.12.29-23.33.16:907][845]LogDirectoryWatcher: A directory notification for '../../Plugins/Runtime/AppleARKit/Content/' was aborted.
[2018.12.29-23.33.16:907][845]LogDirectoryWatcher: A directory notification for '../../Plugins/Runtime/Oculus/OculusVR/Content/' was aborted.
[2018.12.29-23.33.16:907][845]LogDirectoryWatcher: A directory notification for '../../Plugins/Runtime/Steam/SteamVR/Content/' was aborted.
[2018.12.29-23.33.16:973][845]LogExit: Object subsystem successfully closed.
[2018.12.29-23.33.16:989][845]LogShaderCompilers: Display: Shaders left to compile 0
[2018.12.29-23.33.16:993][845]LogD3D11RHI: Shutdown
[2018.12.29-23.33.16:993][845]LogD3D11RHI: CleanupD3DDevice
[2018.12.29-23.33.17:007][845]LogD3D11RHI: ~FD3D11DynamicRHI
[2018.12.29-23.33.17:019][845]LogModuleManager: Shutting down and abandoning module MovieSceneCapture (581)
[2018.12.29-23.33.17:020][845]LogModuleManager: Shutting down and abandoning module SMBClone (579)
[2018.12.29-23.33.17:020][845]LogModuleManager: Shutting down and abandoning module HierarchicalLODOutliner (578)
[2018.12.29-23.33.17:020][845]LogModuleManager: Shutting down and abandoning module ExternalImagePicker (576)
[2018.12.29-23.33.17:020][845]LogModuleManager: Shutting down and abandoning module DesktopPlatform (574)
[2018.12.29-23.33.17:020][845]LogModuleManager: Shutting down and abandoning module SceneOutliner (572)
[2018.12.29-23.33.17:020][845]LogModuleManager: Shutting down and abandoning module AddContentDialog (570)
[2018.12.29-23.33.17:020][845]LogDirectoryWatcher: A directory notification for 'Z:/UE_4.19/FeaturePacks/' was aborted.
[2018.12.29-23.33.17:021][845]LogModuleManager: Shutting down and abandoning module WidgetCarousel (569)
[2018.12.29-23.33.17:021][845]LogModuleManager: Shutting down and abandoning module EditorWidgets (566)
[2018.12.29-23.33.17:021][845]LogModuleManager: Shutting down and abandoning module CollectionManager (564)
[2018.12.29-23.33.17:021][845]LogDirectoryWatcher: A directory notification for 'Z:/SMBClone/Content/Collections/' was aborted.
[2018.12.29-23.33.17:021][845]LogDirectoryWatcher: A directory notification for 'Z:/SMBClone/Content/Developers/Jason/Collections/' was aborted.
[2018.12.29-23.33.17:021][845]LogDirectoryWatcher: A directory notification for 'Z:/SMBClone/Saved/Collections/' was aborted.
[2018.12.29-23.33.17:021][845]LogModuleManager: Shutting down and abandoning module StatsViewer (562)
[2018.12.29-23.33.17:021][845]LogModuleManager: Shutting down and abandoning module FoliageEdit (560)
[2018.12.29-23.33.17:021][845]LogModuleManager: Shutting down and abandoning module LandscapeEditor (558)
[2018.12.29-23.33.17:021][845]LogModuleManager: Shutting down and abandoning module MeshPaintMode (556)
[2018.12.29-23.33.17:021][845]LogModuleManager: Shutting down and abandoning module SceneDepthPickerMode (554)
[2018.12.29-23.33.17:021][845]LogModuleManager: Shutting down and abandoning module ActorPickerMode (552)
[2018.12.29-23.33.17:021][845]LogModuleManager: Shutting down and abandoning module GeometryMode (550)
[2018.12.29-23.33.17:021][845]LogModuleManager: Shutting down and abandoning module TextureAlignMode (548)
[2018.12.29-23.33.17:021][845]LogModuleManager: Shutting down and abandoning module BspMode (546)
[2018.12.29-23.33.17:021][845]LogModuleManager: Shutting down and abandoning module PIEPreviewDeviceProfileSelector (544)
[2018.12.29-23.33.17:021][845]LogModuleManager: Shutting down and abandoning module HardwareSurvey (542)
[2018.12.29-23.33.17:021][845]LogModuleManager: Shutting down and abandoning module SequenceRecorderSections (540)
[2018.12.29-23.33.17:021][845]LogModuleManager: Shutting down and abandoning module AutomationWorker (538)
[2018.12.29-23.33.17:021][845]LogModuleManager: Shutting down and abandoning module AudioCaptureEditor (536)
[2018.12.29-23.33.17:021][845]LogModuleManager: Shutting down and abandoning module SequenceRecorder (535)
[2018.12.29-23.33.17:021][845]LogModuleManager: Shutting down and abandoning module MatineeToLevelSequence (532)
[2018.12.29-23.33.17:021][845]LogModuleManager: Shutting down and abandoning module LevelSequenceEditor (530)
[2018.12.29-23.33.17:022][845]LogModuleManager: Shutting down and abandoning module PlacementMode (529)
[2018.12.29-23.33.17:022][845]LogModuleManager: Shutting down and abandoning module MaterialEditor (528)
[2018.12.29-23.33.17:022][845]LogModuleManager: Shutting down and abandoning module WmfMediaFactory (524)
[2018.12.29-23.33.17:022][845]LogModuleManager: Shutting down and abandoning module WmfMediaEditor (522)
[2018.12.29-23.33.17:022][845]LogModuleManager: Shutting down and abandoning module MediaPlayerEditor (520)
[2018.12.29-23.33.17:022][845]LogModuleManager: Shutting down and abandoning module OpenExrWrapper (518)
[2018.12.29-23.33.17:022][845]LogModuleManager: Shutting down and abandoning module ImgMediaFactory (516)
[2018.12.29-23.33.17:022][845]LogModuleManager: Shutting down and abandoning module ImgMediaEditor (514)
[2018.12.29-23.33.17:022][845]LogModuleManager: Shutting down and abandoning module AvfMediaFactory (512)
[2018.12.29-23.33.17:022][845]LogModuleManager: Shutting down and abandoning module AvfMediaEditor (510)
[2018.12.29-23.33.17:022][845]LogModuleManager: Shutting down and abandoning module AndroidMediaFactory (508)
[2018.12.29-23.33.17:022][845]LogModuleManager: Shutting down and abandoning module AndroidMediaEditor (506)
[2018.12.29-23.33.17:022][845]LogModuleManager: Shutting down and abandoning module CharacterAI (504)
[2018.12.29-23.33.17:022][845]LogModuleManager: Shutting down and abandoning module SmartSnapping (502)
[2018.12.29-23.33.17:022][845]LogModuleManager: Shutting down and abandoning module SessionServices (500)
[2018.12.29-23.33.17:022][845]LogModuleManager: Shutting down and abandoning module ViewportSnapping (498)
[2018.12.29-23.33.17:022][845]LogModuleManager: Shutting down and abandoning module ViewportInteraction (496)
[2018.12.29-23.33.17:022][845]LogModuleManager: Shutting down and abandoning module ClothPainter (494)
[2018.12.29-23.33.17:022][845]LogModuleManager: Shutting down and abandoning module SkeletalMeshEditor (493)
[2018.12.29-23.33.17:022][845]LogModuleManager: Shutting down and abandoning module LogVisualizer (490)
[2018.12.29-23.33.17:022][845]LogModuleManager: Shutting down and abandoning module IntroTutorials (488)
[2018.12.29-23.33.17:022][845]LogModuleManager: Shutting down and abandoning module GameProjectGeneration (487)
[2018.12.29-23.33.17:022][845]LogModuleManager: Shutting down and abandoning module IOSPlatformEditor (484)
[2018.12.29-23.33.17:022][845]LogModuleManager: Shutting down and abandoning module HTML5PlatformEditor (482)
[2018.12.29-23.33.17:022][845]LogModuleManager: Shutting down and abandoning module AndroidPlatformEditor (480)
[2018.12.29-23.33.17:022][845]LogModuleManager: Shutting down and abandoning module AndroidDeviceDetection (479)
[2018.12.29-23.33.17:577][845]LogModuleManager: Shutting down and abandoning module WindowsPlatformEditor (476)
[2018.12.29-23.33.17:577][845]LogModuleManager: Shutting down and abandoning module IOSRuntimeSettings (474)
[2018.12.29-23.33.17:577][845]LogModuleManager: Shutting down and abandoning module AndroidRuntimeSettings (472)
[2018.12.29-23.33.17:578][845]LogModuleManager: Shutting down and abandoning module InputBindingEditor (470)
[2018.12.29-23.33.17:578][845]LogModuleManager: Shutting down and abandoning module MergeActors (468)
[2018.12.29-23.33.17:578][845]LogModuleManager: Shutting down and abandoning module LocalizationDashboard (466)
[2018.12.29-23.33.17:578][845]LogModuleManager: Shutting down and abandoning module LocalizationService (465)
[2018.12.29-23.33.17:578][845]LogModuleManager: Shutting down and abandoning module HardwareTargeting (462)
[2018.12.29-23.33.17:578][845]LogModuleManager: Shutting down and abandoning module DeviceProfileEditor (460)
[2018.12.29-23.33.17:578][845]LogModuleManager: Shutting down and abandoning module UndoHistory (458)
[2018.12.29-23.33.17:578][845]LogModuleManager: Shutting down and abandoning module XmlParser (456)
[2018.12.29-23.33.17:578][845]LogModuleManager: Shutting down and abandoning module Blutility (454)
[2018.12.29-23.33.17:578][845]LogModuleManager: Shutting down and abandoning module ProjectSettingsViewer (452)
[2018.12.29-23.33.17:578][845]LogModuleManager: Shutting down and abandoning module ProjectTargetPlatformEditor (451)
[2018.12.29-23.33.17:578][845]LogModuleManager: Shutting down and abandoning module EditorSettingsViewer (448)
[2018.12.29-23.33.17:578][845]LogModuleManager: Shutting down and abandoning module SettingsEditor (446)
[2018.12.29-23.33.17:578][845]LogModuleManager: Shutting down and abandoning module ProjectLauncher (444)
[2018.12.29-23.33.17:578][845]LogModuleManager: Shutting down and abandoning module SessionFrontend (442)
[2018.12.29-23.33.17:578][845]LogModuleManager: Shutting down and abandoning module ProfilerClient (440)
[2018.12.29-23.33.17:578][845]LogModuleManager: Shutting down and abandoning module DeviceManager (438)
[2018.12.29-23.33.17:578][845]LogModuleManager: Shutting down and abandoning module TargetDeviceServices (437)
[2018.12.29-23.33.17:632][845]LogModuleManager: Shutting down and abandoning module AutomationController (434)
[2018.12.29-23.33.17:632][845]LogModuleManager: Shutting down and abandoning module AutomationWindow (432)
[2018.12.29-23.33.17:632][845]LogModuleManager: Shutting down and abandoning module Layers (430)
[2018.12.29-23.33.17:632][845]LogModuleManager: Shutting down and abandoning module ComponentVisualizers (428)
[2018.12.29-23.33.17:632][845]LogModuleManager: Shutting down and abandoning module DetailCustomizations (426)
[2018.12.29-23.33.17:632][845]LogModuleManager: Shutting down and abandoning module PackagesDialog (424)
[2018.12.29-23.33.17:632][845]LogModuleManager: Shutting down and abandoning module Persona (422)
[2018.12.29-23.33.17:632][845]LogModuleManager: Shutting down and abandoning module AdvancedPreviewScene (421)
[2018.12.29-23.33.17:632][845]LogModuleManager: Shutting down and abandoning module AnimGraph (419)
[2018.12.29-23.33.17:632][845]LogModuleManager: Shutting down and abandoning module Kismet (416)
[2018.12.29-23.33.17:632][845]LogModuleManager: Shutting down and abandoning module GraphEditor (414)
[2018.12.29-23.33.17:633][845]LogModuleManager: Shutting down and abandoning module ClassViewer (412)
[2018.12.29-23.33.17:633][845]LogModuleManager: Shutting down and abandoning module Toolbox (410)
[2018.12.29-23.33.17:633][845]LogModuleManager: Shutting down and abandoning module ModuleUI (408)
[2018.12.29-23.33.17:633][845]LogModuleManager: Shutting down and abandoning module MovieSceneTools (406)
[2018.12.29-23.33.17:633][845]LogModuleManager: Shutting down and abandoning module OutputLog (404)
[2018.12.29-23.33.17:633][845]LogModuleManager: Shutting down and abandoning module GammaUI (402)
[2018.12.29-23.33.17:633][845]LogModuleManager: Shutting down and abandoning module Documentation (400)
[2018.12.29-23.33.17:633][845]LogModuleManager: Shutting down and abandoning module MovieSceneTracks (398)
[2018.12.29-23.33.17:633][845]LogModuleManager: Shutting down and abandoning module MovieScene (396)
[2018.12.29-23.33.17:633][845]LogModuleManager: Shutting down and abandoning module StreamingPauseRendering (394)
[2018.12.29-23.33.17:633][845]LogModuleManager: Shutting down and abandoning module LauncherPlatform (392)
[2018.12.29-23.33.17:633][845]LogModuleManager: Shutting down and abandoning module AnalyticsET (390)
[2018.12.29-23.33.17:633][845]LogModuleManager: Shutting down and abandoning module PortalServices (388)
[2018.12.29-23.33.17:633][845]LogModuleManager: Shutting down and abandoning module PortalRpc (386)
[2018.12.29-23.33.17:633][845]LogModuleManager: Shutting down and abandoning module MessagingRpc (384)
[2018.12.29-23.33.17:633][845]LogModuleManager: Shutting down and abandoning module AIModule (382)
[2018.12.29-23.33.17:633][845]LogModuleManager: Shutting down and abandoning module GameplayDebugger (381)
[2018.12.29-23.33.17:633][845]LogModuleManager: Shutting down and abandoning module AITestSuite (379)
[2018.12.29-23.33.17:633][845]LogModuleManager: Shutting down and abandoning module ProfilerService (376)
[2018.12.29-23.33.17:784][845]LogModuleManager: Shutting down and abandoning module TaskGraph (374)
[2018.12.29-23.33.17:784][845]LogModuleManager: Shutting down and abandoning module SteamVRController (372)
[2018.12.29-23.33.17:784][845]LogModuleManager: Shutting down and abandoning module ProceduralMeshComponentEditor (370)
[2018.12.29-23.33.17:784][845]LogModuleManager: Shutting down and abandoning module ProceduralMeshComponent (368)
[2018.12.29-23.33.17:784][845]LogModuleManager: Shutting down and abandoning module OculusInput (366)
[2018.12.29-23.33.17:785][845]LogModuleManager: Shutting down and abandoning module MobilePatchingUtils (364)
[2018.12.29-23.33.17:785][845]LogModuleManager: Shutting down and abandoning module CustomMeshComponent (362)
[2018.12.29-23.33.17:785][845]LogModuleManager: Shutting down and abandoning module CableComponent (360)
[2018.12.29-23.33.17:785][845]LogModuleManager: Shutting down and abandoning module AudioCapture (358)
[2018.12.29-23.33.17:785][845]LogModuleManager: Shutting down and abandoning module ArchVisCharacter (356)
[2018.12.29-23.33.17:785][845]LogModuleManager: Shutting down and abandoning module AndroidPermission (354)
[2018.12.29-23.33.17:785][845]LogModuleManager: Shutting down and abandoning module NUTUnrealEngine4 (350)
[2018.12.29-23.33.17:785][845]LogModuleManager: Shutting down and abandoning module NetcodeUnitTest (348)
[2018.12.29-23.33.17:785][845]LogModuleManager: Shutting down and abandoning module MediaCompositingEditor (346)
[2018.12.29-23.33.17:785][845]LogModuleManager: Shutting down and abandoning module MediaCompositing (344)
[2018.12.29-23.33.17:785][845]LogModuleManager: Shutting down and abandoning module LinearTimecode (342)
[2018.12.29-23.33.17:785][845]LogModuleManager: Shutting down and abandoning module ImgMedia (340)
[2018.12.29-23.33.17:788][845]LogModuleManager: Shutting down and abandoning module HTML5Networking (338)
[2018.12.29-23.33.17:788][845]LogModuleManager: Shutting down and abandoning module AlembicImporter (336)
[2018.12.29-23.33.17:788][845]LogModuleManager: Shutting down and abandoning module AlembicLibrary (335)
[2018.12.29-23.33.17:788][845]LogModuleManager: Shutting down and abandoning module GeometryCache (334)
[2018.12.29-23.33.17:789][845]LogModuleManager: Shutting down and abandoning module GeometryCacheEd (333)
[2018.12.29-23.33.17:789][845]LogModuleManager: Shutting down and abandoning module DatasmithContent (328)
[2018.12.29-23.33.17:789][845]LogModuleManager: Shutting down and abandoning module SpeedTreeImporter (326)
[2018.12.29-23.33.17:789][845]LogModuleManager: Shutting down and abandoning module PluginBrowser (324)
[2018.12.29-23.33.17:789][845]LogModuleManager: Shutting down and abandoning module MobileLauncherProfileWizard (322)
[2018.12.29-23.33.17:789][845]LogModuleManager: Shutting down and abandoning module CryptoKeysOpenSSL (320)
[2018.12.29-23.33.17:789][845]LogModuleManager: Shutting down and abandoning module CryptoKeys (318)
[2018.12.29-23.33.17:789][845]LogModuleManager: Shutting down and abandoning module VisualStudioSourceCodeAccess (316)
[2018.12.29-23.33.17:789][845]LogModuleManager: Shutting down and abandoning module VisualStudioCodeSourceCodeAccess (314)
[2018.12.29-23.33.17:789][845]LogModuleManager: Shutting down and abandoning module UObjectPlugin (312)
[2018.12.29-23.33.17:789][845]LogModuleManager: Shutting down and abandoning module SubversionSourceControl (310)
[2018.12.29-23.33.17:789][845]LogModuleManager: Shutting down and abandoning module PerforceSourceControl (308)
[2018.12.29-23.33.17:789][845]LogModuleManager: Shutting down and abandoning module GitSourceControl (306)
[2018.12.29-23.33.17:789][845]LogModuleManager: Shutting down and abandoning module SourceControl (305)
[2018.12.29-23.33.17:789][845]LogModuleManager: Shutting down and abandoning module CLionSourceCodeAccess (302)
[2018.12.29-23.33.17:789][845]LogModuleManager: Shutting down and abandoning module LightPropagationVolumeEditor (300)
[2018.12.29-23.33.17:789][845]LogModuleManager: Shutting down and abandoning module PaperTiledImporter (298)
[2018.12.29-23.33.17:789][845]LogModuleManager: Shutting down and abandoning module PaperSpriteSheetImporter (296)
[2018.12.29-23.33.17:789][845]LogModuleManager: Shutting down and abandoning module Paper2DEditor (294)
[2018.12.29-23.33.17:789][845]LogModuleManager: Shutting down and abandoning module MeshPaint (293)
[2018.12.29-23.33.17:789][845]LogModuleManager: Shutting down and abandoning module RuntimePhysXCooking (288)
[2018.12.29-23.33.17:789][845]LogModuleManager: Shutting down and abandoning module PhysXVehiclesEditor (286)
[2018.12.29-23.33.17:789][845]LogModuleManager: Shutting down and abandoning module PhysXVehicles (284)
[2018.12.29-23.33.17:789][845]LogModuleManager: Shutting down and abandoning module OculusEditor (282)
[2018.12.29-23.33.17:789][845]LogModuleManager: Shutting down and abandoning module LocationServicesBPLibrary (280)
[2018.12.29-23.33.17:789][845]LogModuleManager: Shutting down and abandoning module ImmediatePhysicsEditor (278)
[2018.12.29-23.33.17:789][845]LogModuleManager: Shutting down and abandoning module ImmediatePhysics (276)
[2018.12.29-23.33.17:790][845]LogModuleManager: Shutting down and abandoning module ActorSequence (274)
[2018.12.29-23.33.17:790][845]LogModuleManager: Shutting down and abandoning module UdpMessaging (272)
[2018.12.29-23.33.17:891][845]LogModuleManager: Shutting down and abandoning module TcpMessaging (270)
[2018.12.29-23.33.17:991][845]LogModuleManager: Shutting down and abandoning module GameplayTagsEditor (268)
[2018.12.29-23.33.17:991][845]LogModuleManager: Shutting down and abandoning module FacialAnimationEditor (266)
[2018.12.29-23.33.17:991][845]LogModuleManager: Shutting down and abandoning module FacialAnimation (264)
[2018.12.29-23.33.17:991][845]LogModuleManager: Shutting down and abandoning module DataValidation (262)
[2018.12.29-23.33.17:991][845]LogModuleManager: Shutting down and abandoning module AssetManagerEditor (260)
[2018.12.29-23.33.17:991][845]LogModuleManager: Shutting down and abandoning module LevelEditor (259)
[2018.12.29-23.33.17:992][845]LogModuleManager: Shutting down and abandoning module PixelInspectorModule (258)
[2018.12.29-23.33.17:992][845]LogModuleManager: Shutting down and abandoning module CommonMenuExtensions (256)
[2018.12.29-23.33.17:992][845]LogModuleManager: Shutting down and abandoning module MainFrame (254)
[2018.12.29-23.33.17:992][845]LogModuleManager: Shutting down and abandoning module HotReload (253)
[2018.12.29-23.33.17:992][845]LogDirectoryWatcher: A directory notification for 'Z:/SMBClone/Binaries/Win64' was aborted.
[2018.12.29-23.33.17:995][845]LogModuleManager: Shutting down and abandoning module ContentBrowser (249)
[2018.12.29-23.33.17:996][845]LogModuleManager: Shutting down and abandoning module TreeMap (247)
[2018.12.29-23.33.17:996][845]LogModuleManager: Shutting down and abandoning module LightPropagationVolumeRuntime (244)
[2018.12.29-23.33.17:996][845]LogModuleManager: Shutting down and abandoning module LiveLinkEditor (242)
[2018.12.29-23.33.17:997][845]LogModuleManager: Shutting down and abandoning module LiveLink (240)
[2018.12.29-23.33.18:236][845]LogModuleManager: Shutting down and abandoning module Paper2D (238)
[2018.12.29-23.33.18:236][845]LogModuleManager: Shutting down and abandoning module WindowsMoviePlayer (236)
[2018.12.29-23.33.18:236][845]LogModuleManager: Shutting down and abandoning module WmfMedia (234)
[2018.12.29-23.33.18:239][845]LogModuleManager: Shutting down and abandoning module Media (233)
[2018.12.29-23.33.18:245][845]LogModuleManager: Shutting down and abandoning module PacketHandler (230)
[2018.12.29-23.33.18:245][845]LogModuleManager: Shutting down and abandoning module ClothingSystemEditor (228)
[2018.12.29-23.33.18:245][845]LogModuleManager: Shutting down and abandoning module ClothingSystemRuntime (226)
[2018.12.29-23.33.18:245][845]LogModuleManager: Shutting down and abandoning module MediaAssets (224)
[2018.12.29-23.33.18:245][845]LogModuleManager: Shutting down and abandoning module Overlay (222)
[2018.12.29-23.33.18:245][845]LogModuleManager: Shutting down and abandoning module OverlayEditor (221)
[2018.12.29-23.33.18:245][845]LogModuleManager: Shutting down and abandoning module VREditor (218)
[2018.12.29-23.33.18:245][845]LogModuleManager: Shutting down and abandoning module StringTableEditor (216)
[2018.12.29-23.33.18:245][845]LogModuleManager: Shutting down and abandoning module GameplayTasksEditor (214)
[2018.12.29-23.33.18:245][845]LogModuleManager: Shutting down and abandoning module BehaviorTreeEditor (212)
[2018.12.29-23.33.18:246][845]LogModuleManager: Shutting down and abandoning module FunctionalTesting (210)
[2018.12.29-23.33.18:246][845]LogModuleManager: Shutting down and abandoning module CollisionAnalyzer (208)
[2018.12.29-23.33.18:246][845]LogModuleManager: Shutting down and abandoning module WorkspaceMenuStructure (207)
[2018.12.29-23.33.18:246][845]LogModuleManager: Shutting down and abandoning module UMG (204)
[2018.12.29-23.33.18:246][845]LogModuleManager: Shutting down and abandoning module UMGEditor (203)
[2018.12.29-23.33.18:246][845]LogModuleManager: Shutting down and abandoning module Sequencer (202)
[2018.12.29-23.33.18:246][845]LogModuleManager: Shutting down and abandoning module MessageLog (199)
[2018.12.29-23.33.18:246][845]LogModuleManager: Shutting down and abandoning module SlateReflector (194)
[2018.12.29-23.33.18:246][845]LogModuleManager: Shutting down and abandoning module Slate (192)
[2018.12.29-23.33.18:246][845]LogModuleManager: Shutting down and abandoning module EditorStyle (190)
[2018.12.29-23.33.18:247][845]LogModuleManager: Shutting down and abandoning module MRMesh (188)
[2018.12.29-23.33.18:248][845]LogModuleManager: Shutting down and abandoning module SourceCodeAccess (186)
[2018.12.29-23.33.18:248][845]LogModuleManager: Shutting down and abandoning module HeadMountedDisplay (184)
[2018.12.29-23.33.18:248][845]LogModuleManager: Shutting down and abandoning module XAudio2 (182)
[2018.12.29-23.33.18:248][845]LogModuleManager: Shutting down and abandoning module Networking (180)
[2018.12.29-23.33.18:248][845]LogModuleManager: Shutting down and abandoning module Core (178)
[2018.12.29-23.33.18:248][845]LogModuleManager: Shutting down and abandoning module LevelSequence (176)
[2018.12.29-23.33.18:248][845]LogModuleManager: Shutting down and abandoning module KismetCompiler (174)
[2018.12.29-23.33.18:248][845]LogModuleManager: Shutting down and abandoning module MeshUtilities (172)
[2018.12.29-23.33.18:248][845]LogModuleManager: Shutting down and abandoning module MeshMergeUtilities (171)
[2018.12.29-23.33.18:248][845]LogModuleManager: Shutting down and abandoning module MeshReductionInterface (170)
[2018.12.29-23.33.18:248][845]LogModuleManager: Shutting down and abandoning module SimplygonSwarm (169)
[2018.12.29-23.33.18:248][845]LogModuleManager: Shutting down and abandoning module SimplygonMeshReduction (167)
[2018.12.29-23.33.18:248][845]LogModuleManager: Shutting down and abandoning module QuadricMeshReduction (165)
[2018.12.29-23.33.18:248][845]LogModuleManager: Shutting down and abandoning module MaterialBaking (161)
[2018.12.29-23.33.18:248][845]LogModuleManager: Shutting down and abandoning module DirectoryWatcher (157)
[2018.12.29-23.33.18:250][845]LogModuleManager: Shutting down and abandoning module DerivedDataCache (154)
[2018.12.29-23.33.18:303][845]LogDerivedDataCache: Shutdown
[2018.12.29-23.33.18:303][845]LogModuleManager: Shutting down and abandoning module XGEController (152)
[2018.12.29-23.33.18:303][845]LogXGEController: Cleaning working directory: C:/Users/Jason/AppData/Local/Temp/UnrealXGEWorkingDir/
[2018.12.29-23.33.18:303][845]LogModuleManager: Shutting down and abandoning module TargetPlatform (150)
[2018.12.29-23.33.18:303][845]LogModuleManager: Shutting down and abandoning module VulkanShaderFormat (149)
[2018.12.29-23.33.18:303][845]LogModuleManager: Shutting down and abandoning module ShaderFormatVectorVM (147)
[2018.12.29-23.33.18:303][845]LogModuleManager: Shutting down and abandoning module ShaderFormatOpenGL (145)
[2018.12.29-23.33.18:303][845]LogModuleManager: Shutting down and abandoning module ShaderFormatD3D (143)
[2018.12.29-23.33.18:303][845]LogModuleManager: Shutting down and abandoning module MetalShaderFormat (141)
[2018.12.29-23.33.18:303][845]LogModuleManager: Shutting down and abandoning module TextureFormatUncompressed (139)
[2018.12.29-23.33.18:303][845]LogModuleManager: Shutting down and abandoning module TextureFormatPVR (137)
[2018.12.29-23.33.18:304][845]LogModuleManager: Shutting down and abandoning module TextureFormatDXT (135)
[2018.12.29-23.33.18:304][845]LogModuleManager: Shutting down and abandoning module TextureFormatIntelISPCTexComp (133)
[2018.12.29-23.33.18:304][845]LogModuleManager: Shutting down and abandoning module TextureFormatASTC (131)
[2018.12.29-23.33.18:304][845]LogModuleManager: Shutting down and abandoning module ImageWrapper (130)
[2018.12.29-23.33.18:304][845]LogModuleManager: Shutting down and abandoning module TextureFormatAndroid (127)
[2018.12.29-23.33.18:304][845]LogModuleManager: Shutting down and abandoning module AudioFormatOpus (125)
[2018.12.29-23.33.18:304][845]LogModuleManager: Shutting down and abandoning module AudioFormatOgg (123)
[2018.12.29-23.33.18:304][845]LogModuleManager: Shutting down and abandoning module AudioFormatADPCM (121)
[2018.12.29-23.33.18:304][845]LogModuleManager: Shutting down and abandoning module LinuxTargetPlatform (119)
[2018.12.29-23.33.18:304][845]LogModuleManager: Shutting down and abandoning module LinuxServerTargetPlatform (117)
[2018.12.29-23.33.18:304][845]LogModuleManager: Shutting down and abandoning module LinuxNoEditorTargetPlatform (115)
[2018.12.29-23.33.18:304][845]LogModuleManager: Shutting down and abandoning module LinuxClientTargetPlatform (113)
[2018.12.29-23.33.18:304][845]LogModuleManager: Shutting down and abandoning module TVOSTargetPlatform (111)
[2018.12.29-23.33.18:304][845]LogModuleManager: Shutting down and abandoning module Messaging (109)
[2018.12.29-23.33.18:304][845]LogModuleManager: Shutting down and abandoning module IOSTargetPlatform (107)
[2018.12.29-23.33.18:305][845]LogModuleManager: Shutting down and abandoning module HTML5TargetPlatform (105)
[2018.12.29-23.33.18:305][845]LogModuleManager: Shutting down and abandoning module AndroidTargetPlatform (103)
[2018.12.29-23.33.18:305][845]LogModuleManager: Shutting down and abandoning module Android_PVRTCTargetPlatform (101)
[2018.12.29-23.33.18:305][845]LogModuleManager: Shutting down and abandoning module Android_MultiTargetPlatform (99)
[2018.12.29-23.33.18:305][845]LogModuleManager: Shutting down and abandoning module Android_ETC2TargetPlatform (97)
[2018.12.29-23.33.18:305][845]LogModuleManager: Shutting down and abandoning module Android_ETC1TargetPlatform (95)
[2018.12.29-23.33.18:305][845]LogModuleManager: Shutting down and abandoning module Android_ETC1aTargetPlatform (93)
[2018.12.29-23.33.18:305][845]LogModuleManager: Shutting down and abandoning module Android_DXTTargetPlatform (91)
[2018.12.29-23.33.18:305][845]LogModuleManager: Shutting down and abandoning module Android_ATCTargetPlatform (89)
[2018.12.29-23.33.18:305][845]LogModuleManager: Shutting down and abandoning module Android_ASTCTargetPlatform (87)
[2018.12.29-23.33.18:305][845]LogModuleManager: Shutting down and abandoning module WindowsTargetPlatform (85)
[2018.12.29-23.33.18:305][845]LogModuleManager: Shutting down and abandoning module WindowsServerTargetPlatform (83)
[2018.12.29-23.33.18:305][845]LogModuleManager: Shutting down and abandoning module WindowsNoEditorTargetPlatform (81)
[2018.12.29-23.33.18:305][845]LogModuleManager: Shutting down and abandoning module WindowsClientTargetPlatform (79)
[2018.12.29-23.33.18:305][845]LogModuleManager: Shutting down and abandoning module MacTargetPlatform (77)
[2018.12.29-23.33.18:305][845]LogModuleManager: Shutting down and abandoning module MacServerTargetPlatform (75)
[2018.12.29-23.33.18:305][845]LogModuleManager: Shutting down and abandoning module MacNoEditorTargetPlatform (73)
[2018.12.29-23.33.18:305][845]LogModuleManager: Shutting down and abandoning module MacClientTargetPlatform (71)
[2018.12.29-23.33.18:305][845]LogModuleManager: Shutting down and abandoning module AllDesktopTargetPlatform (69)
[2018.12.29-23.33.18:305][845]LogModuleManager: Shutting down and abandoning module InputCore (66)
[2018.12.29-23.33.18:305][845]LogModuleManager: Shutting down and abandoning module Settings (64)
[2018.12.29-23.33.18:306][845]LogModuleManager: Shutting down and abandoning module PhysXCooking (62)
[2018.12.29-23.33.18:306][845]LogModuleManager: Shutting down and abandoning module SteamVR (60)
[2018.12.29-23.33.18:306][845]LogModuleManager: Shutting down and abandoning module OculusHMD (58)
[2018.12.29-23.33.18:306][845]LogModuleManager: Shutting down and abandoning module ExampleDeviceProfileSelector (56)
[2018.12.29-23.33.18:306][845]LogModuleManager: Shutting down and abandoning module AppleARKit (54)
[2018.12.29-23.33.18:306][845]LogModuleManager: Shutting down and abandoning module AugmentedReality (51)
[2018.12.29-23.33.18:306][845]LogModuleManager: Shutting down and abandoning module OnlineBlueprintSupport (48)
[2018.12.29-23.33.18:306][845]LogModuleManager: Shutting down and abandoning module OnlineSubsystem (44)
[2018.12.29-23.33.18:306][845]LogModuleManager: Shutting down and abandoning module XMPP (43)
[2018.12.29-23.33.18:306][845]LogModuleManager: Shutting down and abandoning module HTTP (41)
[2018.12.29-23.33.18:306][845]LogHttp: Display: Http module shutting down, but needs to wait on 1 outstanding Http requests:
[2018.12.29-23.33.18:306][845]LogHttp: Display: 	verb=[POST] url=[https://datarouter.ol.epicgames.com/datarouter/api/v1/public/data?SessionID=%7B049C83BF-4FF0-FF04-7466-158C4DB02E94%7D&AppID=UEEditor.Rocket.Release&AppVersion=4.19.2-4033788%2B%2B%2BUE4%2BRelease-4.19&UserID=5e51ac1b44809ad6dd3b5fbf6fec6b27%7C64d12925f72d48c79d5816eaf895f5ca%7Cd7842a4f-c2bb-4463-8e41-e2a3a98a89ce&AppEnvironment=datacollector-binary&UploadType=eteventstream] status=Processing
[2018.12.29-23.33.18:309][845]LogModuleManager: Shutting down and abandoning module SSL (40)
[2018.12.29-23.33.18:310][845]LogModuleManager: Shutting down and abandoning module AnimationModifiers (36)
[2018.12.29-23.33.18:311][845]LogModuleManager: Shutting down and abandoning module PropertyEditor (35)
[2018.12.29-23.33.18:311][845]LogModuleManager: Shutting down and abandoning module AudioEditor (32)
[2018.12.29-23.33.18:311][845]LogModuleManager: Shutting down and abandoning module TextureCompressor (30)
[2018.12.29-23.33.18:311][845]LogModuleManager: Shutting down and abandoning module ShaderCore (28)
[2018.12.29-23.33.18:311][845]LogModuleManager: Shutting down and abandoning module Landscape (26)
[2018.12.29-23.33.18:311][845]LogModuleManager: Shutting down and abandoning module SlateRHIRenderer (24)
[2018.12.29-23.33.18:312][845]LogModuleManager: Shutting down and abandoning module OpenGLDrv (22)
[2018.12.29-23.33.18:312][845]LogModuleManager: Shutting down and abandoning module D3D11RHI (20)
[2018.12.29-23.33.18:312][845]LogModuleManager: Shutting down and abandoning module AnimGraphRuntime (18)
[2018.12.29-23.33.18:312][845]LogModuleManager: Shutting down and abandoning module Renderer (16)
[2018.12.29-23.33.18:312][845]LogModuleManager: Shutting down and abandoning module Engine (14)
[2018.12.29-23.33.18:312][845]LogModuleManager: Shutting down and abandoning module CoreUObject (12)
[2018.12.29-23.33.18:312][845]LogModuleManager: Shutting down and abandoning module NetworkFile (10)
[2018.12.29-23.33.18:312][845]LogModuleManager: Shutting down and abandoning module CookedIterativeFile (8)
[2018.12.29-23.33.18:312][845]LogModuleManager: Shutting down and abandoning module StreamingFile (6)
[2018.12.29-23.33.18:312][845]LogModuleManager: Shutting down and abandoning module SandboxFile (4)
[2018.12.29-23.33.18:312][845]LogModuleManager: Shutting down and abandoning module PakFile (2)
[2018.12.29-23.33.18:318][845]LogExit: Exiting.
[2018.12.29-23.33.18:343][845]Log file closed, 12/29/18 23:33:18
