Log file open, 12/29/18 22:58:19
LogWindows: Failed to load 'aqProf.dll' (GetLastError=126)
LogWindows: File 'aqProf.dll' does not exist
LogWindows: Failed to load 'VtuneApi.dll' (GetLastError=126)
LogWindows: File 'VtuneApi.dll' does not exist
LogWindows: Failed to load 'VtuneApi32e.dll' (GetLastError=126)
LogWindows: File 'VtuneApi32e.dll' does not exist
LogInit: Display: Running engine for game: SMBClone
LogPlatformFile: Not using cached read wrapper
LogInit: Display: RandInit(371767308) SRandInit(371767308).
LogInit: Read version file with build ID '3944462'
LogInit: Overriding engine version to CL 4033788, compatible CL 3944462
LogInit: Registered custom module enumerator with build ID '3944462'
LogTaskGraph: Started task graph with 5 named threads and 23 total threads with 3 sets of task threads.
LogStats: Stats thread started at 0.298403
LogD3D11RHI: Aftermath initialized
LogICUInternationalization: Display: ICU TimeZone Detection - Raw Offset: +0:00, Platform Override: ''
LogPluginManager: Mounting plugin Paper2D
LogPluginManager: Mounting plugin LiveLink
LogPluginManager: Mounting plugin LightPropagationVolume
LogPluginManager: Mounting plugin CLionSourceCodeAccess
LogPluginManager: Mounting plugin CodeLiteSourceCodeAccess
LogPluginManager: Mounting plugin GitSourceControl
LogPluginManager: Mounting plugin KDevelopSourceCodeAccess
LogPluginManager: Mounting plugin NullSourceCodeAccess
LogPluginManager: Mounting plugin PerforceSourceControl
LogPluginManager: Mounting plugin SubversionSourceControl
LogPluginManager: Mounting plugin UObjectPlugin
LogPluginManager: Mounting plugin VisualStudioCodeSourceCodeAccess
LogPluginManager: Mounting plugin VisualStudioSourceCodeAccess
LogPluginManager: Mounting plugin XCodeSourceCodeAccess
LogPluginManager: Mounting plugin AssetManagerEditor
LogPluginManager: Mounting plugin CryptoKeys
LogPluginManager: Mounting plugin DataValidation
LogPluginManager: Mounting plugin FacialAnimation
LogPluginManager: Mounting plugin GameplayTagsEditor
LogPluginManager: Mounting plugin MobileLauncherProfileWizard
LogPluginManager: Mounting plugin PluginBrowser
LogPluginManager: Mounting plugin SpeedTreeImporter
LogPluginManager: Mounting plugin DatasmithContent
LogPluginManager: Mounting plugin AlembicImporter
LogPluginManager: Mounting plugin CharacterAI
LogPluginManager: Mounting plugin HTML5Networking
LogPluginManager: Mounting plugin AndroidMedia
LogPluginManager: Mounting plugin AvfMedia
LogPluginManager: Mounting plugin ImgMedia
LogPluginManager: Mounting plugin LinearTimecode
LogPluginManager: Mounting plugin MediaCompositing
LogPluginManager: Mounting plugin MediaPlayerEditor
LogPluginManager: Mounting plugin WmfMedia
LogPluginManager: Mounting plugin TcpMessaging
LogPluginManager: Mounting plugin UdpMessaging
LogPluginManager: Mounting plugin ActorSequence
LogPluginManager: Mounting plugin LevelSequenceEditor
LogPluginManager: Mounting plugin MatineeToLevelSequence
LogPluginManager: Mounting plugin NetcodeUnitTest
LogPluginManager: Mounting plugin NUTUnrealEngine4
LogPluginManager: Mounting plugin OnlineSubsystemGooglePlay
LogPluginManager: Mounting plugin OnlineSubsystemIOS
LogPluginManager: Mounting plugin OnlineSubsystem
LogPluginManager: Mounting plugin OnlineSubsystemNull
LogPluginManager: Mounting plugin OnlineSubsystemUtils
LogPluginManager: Mounting plugin AndroidDeviceProfileSelector
LogPluginManager: Mounting plugin AndroidMoviePlayer
LogPluginManager: Mounting plugin AndroidPermission
LogPluginManager: Mounting plugin AppleARKit
LogPluginManager: Mounting plugin AppleMoviePlayer
LogPluginManager: Mounting plugin ArchVisCharacter
LogPluginManager: Mounting plugin AudioCapture
LogPluginManager: Mounting plugin CableComponent
LogPluginManager: Mounting plugin CustomMeshComponent
LogPluginManager: Mounting plugin ExampleDeviceProfileSelector
LogPluginManager: Mounting plugin GoogleCloudMessaging
LogPluginManager: Mounting plugin ImmediatePhysics
LogPluginManager: Mounting plugin IOSDeviceProfileSelector
LogPluginManager: Mounting plugin LinuxDeviceProfileSelector
LogPluginManager: Mounting plugin LocationServicesBPLibrary
LogPluginManager: Mounting plugin MobilePatchingUtils
LogPluginManager: Mounting plugin OculusVR
LogPluginManager: Plugin shader directory ../../../Engine/Plugins/Runtime/Oculus/OculusVR/Shaders found
LogPluginManager: Mapping shader source directory ../../../Engine/Plugins/Runtime/Oculus/OculusVR/Shaders to virtual directory /Plugin/OculusVR
LogPluginManager: Mounting plugin PhysXVehicles
LogPluginManager: Mounting plugin ProceduralMeshComponent
LogPluginManager: Mounting plugin RuntimePhysXCooking
LogPluginManager: Mounting plugin SteamVR
LogPluginManager: Mounting plugin WindowsMoviePlayer
LogStreaming: Display: Took  0.157s to configure plugins.
LogModuleManager: Display: Found up-to-date module file ../../../../SMBClone/Binaries/Win64/UE4Editor-SMBClone-6531.dll (API version 3944462).
LogModuleManager: Display: Found up-to-date module file ../../../Engine/Plugins/2D/Paper2D/Binaries/Win64/UE4Editor-Paper2D.dll (API version 3944462).
LogModuleManager: Display: Found up-to-date module file ../../../Engine/Plugins/2D/Paper2D/Binaries/Win64/UE4Editor-Paper2DEditor.dll (API version 3944462).
LogModuleManager: Display: Found up-to-date module file ../../../Engine/Plugins/2D/Paper2D/Binaries/Win64/UE4Editor-PaperSpriteSheetImporter.dll (API version 3944462).
LogModuleManager: Display: Found up-to-date module file ../../../Engine/Plugins/2D/Paper2D/Binaries/Win64/UE4Editor-PaperTiledImporter.dll (API version 3944462).
LogModuleManager: Display: Found up-to-date module file ../../../Engine/Plugins/2D/Paper2D/Binaries/Win64/UE4Editor-SmartSnapping.dll (API version 3944462).
LogModuleManager: Display: Found up-to-date module file ../../../Engine/Plugins/Animation/LiveLink/Binaries/Win64/UE4Editor-LiveLink.dll (API version 3944462).
LogModuleManager: Display: Found up-to-date module file ../../../Engine/Plugins/Animation/LiveLink/Binaries/Win64/UE4Editor-LiveLinkEditor.dll (API version 3944462).
LogModuleManager: Display: Found up-to-date module file ../../../Engine/Plugins/Blendables/LightPropagationVolume/Binaries/Win64/UE4Editor-LightPropagationVolumeRuntime.dll (API version 3944462).
LogModuleManager: Display: Found up-to-date module file ../../../Engine/Plugins/Blendables/LightPropagationVolume/Binaries/Win64/UE4Editor-LightPropagationVolumeEditor.dll (API version 3944462).
LogModuleManager: Display: Found up-to-date module file ../../../Engine/Plugins/Developer/CLionSourceCodeAccess/Binaries/Win64/UE4Editor-CLionSourceCodeAccess.dll (API version 3944462).
LogModuleManager: Display: Found up-to-date module file ../../../Engine/Plugins/Developer/GitSourceControl/Binaries/Win64/UE4Editor-GitSourceControl.dll (API version 3944462).
LogModuleManager: Display: Found up-to-date module file ../../../Engine/Plugins/Developer/PerforceSourceControl/Binaries/Win64/UE4Editor-PerforceSourceControl.dll (API version 3944462).
LogModuleManager: Display: Found up-to-date module file ../../../Engine/Plugins/Developer/SubversionSourceControl/Binaries/Win64/UE4Editor-SubversionSourceControl.dll (API version 3944462).
LogModuleManager: Display: Found up-to-date module file ../../../Engine/Plugins/Developer/UObjectPlugin/Binaries/Win64/UE4Editor-UObjectPlugin.dll (API version 3944462).
LogModuleManager: Display: Found up-to-date module file ../../../Engine/Plugins/Developer/VisualStudioCodeSourceCodeAccess/Binaries/Win64/UE4Editor-VisualStudioCodeSourceCodeAccess.dll (API version 3944462).
LogModuleManager: Display: Found up-to-date module file ../../../Engine/Plugins/Developer/VisualStudioSourceCodeAccess/Binaries/Win64/UE4Editor-VisualStudioSourceCodeAccess.dll (API version 3944462).
LogModuleManager: Display: Found up-to-date module file ../../../Engine/Plugins/Editor/AssetManagerEditor/Binaries/Win64/UE4Editor-AssetManagerEditor.dll (API version 3944462).
LogModuleManager: Display: Found up-to-date module file ../../../Engine/Plugins/Editor/CryptoKeys/Binaries/Win64/UE4Editor-CryptoKeys.dll (API version 3944462).
LogModuleManager: Display: Found up-to-date module file ../../../Engine/Plugins/Editor/CryptoKeys/Binaries/Win64/UE4Editor-CryptoKeysOpenSSL.dll (API version 3944462).
LogModuleManager: Display: Found up-to-date module file ../../../Engine/Plugins/Editor/DataValidation/Binaries/Win64/UE4Editor-DataValidation.dll (API version 3944462).
LogModuleManager: Display: Found up-to-date module file ../../../Engine/Plugins/Editor/FacialAnimation/Binaries/Win64/UE4Editor-FacialAnimation.dll (API version 3944462).
LogModuleManager: Display: Found up-to-date module file ../../../Engine/Plugins/Editor/FacialAnimation/Binaries/Win64/UE4Editor-FacialAnimationEditor.dll (API version 3944462).
LogModuleManager: Display: Found up-to-date module file ../../../Engine/Plugins/Editor/GameplayTagsEditor/Binaries/Win64/UE4Editor-GameplayTagsEditor.dll (API version 3944462).
LogModuleManager: Display: Found up-to-date module file ../../../Engine/Plugins/Editor/MobileLauncherProfileWizard/Binaries/Win64/UE4Editor-MobileLauncherProfileWizard.dll (API version 3944462).
LogModuleManager: Display: Found up-to-date module file ../../../Engine/Plugins/Editor/PluginBrowser/Binaries/Win64/UE4Editor-PluginBrowser.dll (API version 3944462).
LogModuleManager: Display: Found up-to-date module file ../../../Engine/Plugins/Editor/SpeedTreeImporter/Binaries/Win64/UE4Editor-SpeedTreeImporter.dll (API version 3944462).
LogModuleManager: Display: Found up-to-date module file ../../../Engine/Plugins/Enterprise/DatasmithContent/Binaries/Win64/UE4Editor-DatasmithContent.dll (API version 3944462).
LogModuleManager: Display: Found up-to-date module file ../../../Engine/Plugins/Experimental/AlembicImporter/Binaries/Win64/UE4Editor-AlembicImporter.dll (API version 3944462).
LogModuleManager: Display: Found up-to-date module file ../../../Engine/Plugins/Experimental/AlembicImporter/Binaries/Win64/UE4Editor-AlembicLibrary.dll (API version 3944462).
LogModuleManager: Display: Found up-to-date module file ../../../Engine/Plugins/Experimental/CharacterAI/Binaries/Win64/UE4Editor-CharacterAI.dll (API version 3944462).
LogModuleManager: Display: Found up-to-date module file ../../../Engine/Plugins/Experimental/HTML5Networking/Binaries/Win64/UE4Editor-HTML5Networking.dll (API version 3944462).
LogModuleManager: Display: Found up-to-date module file ../../../Engine/Plugins/Media/AndroidMedia/Binaries/Win64/UE4Editor-AndroidMediaEditor.dll (API version 3944462).
LogModuleManager: Display: Found up-to-date module file ../../../Engine/Plugins/Media/AndroidMedia/Binaries/Win64/UE4Editor-AndroidMediaFactory.dll (API version 3944462).
LogModuleManager: Display: Found up-to-date module file ../../../Engine/Plugins/Media/AvfMedia/Binaries/Win64/UE4Editor-AvfMediaEditor.dll (API version 3944462).
LogModuleManager: Display: Found up-to-date module file ../../../Engine/Plugins/Media/AvfMedia/Binaries/Win64/UE4Editor-AvfMediaFactory.dll (API version 3944462).
LogModuleManager: Display: Found up-to-date module file ../../../Engine/Plugins/Media/AvfMedia/Binaries/Win64/UE4Editor-AvfMediaFactory.dll (API version 3944462).
LogModuleManager: Display: Found up-to-date module file ../../../Engine/Plugins/Media/ImgMedia/Binaries/Win64/UE4Editor-ImgMedia.dll (API version 3944462).
LogModuleManager: Display: Found up-to-date module file ../../../Engine/Plugins/Media/ImgMedia/Binaries/Win64/UE4Editor-ImgMediaEditor.dll (API version 3944462).
LogModuleManager: Display: Found up-to-date module file ../../../Engine/Plugins/Media/ImgMedia/Binaries/Win64/UE4Editor-ImgMediaFactory.dll (API version 3944462).
LogModuleManager: Display: Found up-to-date module file ../../../Engine/Plugins/Media/ImgMedia/Binaries/Win64/UE4Editor-ImgMediaFactory.dll (API version 3944462).
LogModuleManager: Display: Found up-to-date module file ../../../Engine/Plugins/Media/ImgMedia/Binaries/Win64/UE4Editor-OpenExrWrapper.dll (API version 3944462).
LogModuleManager: Display: Found up-to-date module file ../../../Engine/Plugins/Media/LinearTimecode/Binaries/Win64/UE4Editor-LinearTimecode.dll (API version 3944462).
LogModuleManager: Display: Found up-to-date module file ../../../Engine/Plugins/Media/MediaCompositing/Binaries/Win64/UE4Editor-MediaCompositing.dll (API version 3944462).
LogModuleManager: Display: Found up-to-date module file ../../../Engine/Plugins/Media/MediaCompositing/Binaries/Win64/UE4Editor-MediaCompositingEditor.dll (API version 3944462).
LogModuleManager: Display: Found up-to-date module file ../../../Engine/Plugins/Media/MediaPlayerEditor/Binaries/Win64/UE4Editor-MediaPlayerEditor.dll (API version 3944462).
LogModuleManager: Display: Found up-to-date module file ../../../Engine/Plugins/Media/WmfMedia/Binaries/Win64/UE4Editor-WmfMedia.dll (API version 3944462).
LogModuleManager: Display: Found up-to-date module file ../../../Engine/Plugins/Media/WmfMedia/Binaries/Win64/UE4Editor-WmfMediaEditor.dll (API version 3944462).
LogModuleManager: Display: Found up-to-date module file ../../../Engine/Plugins/Media/WmfMedia/Binaries/Win64/UE4Editor-WmfMediaFactory.dll (API version 3944462).
LogModuleManager: Display: Found up-to-date module file ../../../Engine/Plugins/Media/WmfMedia/Binaries/Win64/UE4Editor-WmfMediaFactory.dll (API version 3944462).
LogModuleManager: Display: Found up-to-date module file ../../../Engine/Plugins/Messaging/TcpMessaging/Binaries/Win64/UE4Editor-TcpMessaging.dll (API version 3944462).
LogModuleManager: Display: Found up-to-date module file ../../../Engine/Plugins/Messaging/UdpMessaging/Binaries/Win64/UE4Editor-UdpMessaging.dll (API version 3944462).
LogModuleManager: Display: Found up-to-date module file ../../../Engine/Plugins/MovieScene/ActorSequence/Binaries/Win64/UE4Editor-ActorSequence.dll (API version 3944462).
LogModuleManager: Display: Found up-to-date module file ../../../Engine/Plugins/MovieScene/LevelSequenceEditor/Binaries/Win64/UE4Editor-LevelSequenceEditor.dll (API version 3944462).
LogModuleManager: Display: Found up-to-date module file ../../../Engine/Plugins/MovieScene/MatineeToLevelSequence/Binaries/Win64/UE4Editor-MatineeToLevelSequence.dll (API version 3944462).
LogModuleManager: Display: Found up-to-date module file ../../../Engine/Plugins/NetcodeUnitTest/NetcodeUnitTest/Binaries/Win64/UE4Editor-NetcodeUnitTest.dll (API version 3944462).
LogModuleManager: Display: Found up-to-date module file ../../../Engine/Plugins/NetcodeUnitTest/NUTUnrealEngine4/Binaries/Win64/UE4Editor-NUTUnrealEngine4.dll (API version 3944462).
LogModuleManager: Display: Found up-to-date module file ../../../Engine/Plugins/Online/OnlineSubsystem/Binaries/Win64/UE4Editor-OnlineSubsystem.dll (API version 3944462).
LogModuleManager: Display: Found up-to-date module file ../../../Engine/Plugins/Online/OnlineSubsystemNull/Binaries/Win64/UE4Editor-OnlineSubsystemNull.dll (API version 3944462).
LogModuleManager: Display: Found up-to-date module file ../../../Engine/Plugins/Online/OnlineSubsystemUtils/Binaries/Win64/UE4Editor-OnlineSubsystemUtils.dll (API version 3944462).
LogModuleManager: Display: Found up-to-date module file ../../../Engine/Plugins/Online/OnlineSubsystemUtils/Binaries/Win64/UE4Editor-OnlineBlueprintSupport.dll (API version 3944462).
LogModuleManager: Display: Found up-to-date module file ../../../Engine/Plugins/Runtime/AndroidDeviceProfileSelector/Binaries/Win64/UE4Editor-AndroidDeviceProfileSelector.dll (API version 3944462).
LogModuleManager: Display: Found up-to-date module file ../../../Engine/Plugins/Runtime/AndroidPermission/Binaries/Win64/UE4Editor-AndroidPermission.dll (API version 3944462).
LogModuleManager: Display: Found up-to-date module file ../../../Engine/Plugins/Runtime/AppleARKit/Binaries/Win64/UE4Editor-AppleARKit.dll (API version 3944462).
LogModuleManager: Display: Found up-to-date module file ../../../Engine/Plugins/Runtime/ArchVisCharacter/Binaries/Win64/UE4Editor-ArchVisCharacter.dll (API version 3944462).
LogModuleManager: Display: Found up-to-date module file ../../../Engine/Plugins/Runtime/AudioCapture/Binaries/Win64/UE4Editor-AudioCapture.dll (API version 3944462).
LogModuleManager: Display: Found up-to-date module file ../../../Engine/Plugins/Runtime/AudioCapture/Binaries/Win64/UE4Editor-AudioCaptureEditor.dll (API version 3944462).
LogModuleManager: Display: Found up-to-date module file ../../../Engine/Plugins/Runtime/CableComponent/Binaries/Win64/UE4Editor-CableComponent.dll (API version 3944462).
LogModuleManager: Display: Found up-to-date module file ../../../Engine/Plugins/Runtime/CustomMeshComponent/Binaries/Win64/UE4Editor-CustomMeshComponent.dll (API version 3944462).
LogModuleManager: Display: Found up-to-date module file ../../../Engine/Plugins/Runtime/ExampleDeviceProfileSelector/Binaries/Win64/UE4Editor-ExampleDeviceProfileSelector.dll (API version 3944462).
LogModuleManager: Display: Found up-to-date module file ../../../Engine/Plugins/Runtime/ImmediatePhysics/Binaries/Win64/UE4Editor-ImmediatePhysics.dll (API version 3944462).
LogModuleManager: Display: Found up-to-date module file ../../../Engine/Plugins/Runtime/ImmediatePhysics/Binaries/Win64/UE4Editor-ImmediatePhysicsEditor.dll (API version 3944462).
LogModuleManager: Display: Found up-to-date module file ../../../Engine/Plugins/Runtime/LocationServicesBPLibrary/Binaries/Win64/UE4Editor-LocationServicesBPLibrary.dll (API version 3944462).
LogModuleManager: Display: Found up-to-date module file ../../../Engine/Plugins/Runtime/MobilePatchingUtils/Binaries/Win64/UE4Editor-MobilePatchingUtils.dll (API version 3944462).
LogModuleManager: Display: Found up-to-date module file ../../../Engine/Plugins/Runtime/Oculus/OculusVR/Binaries/Win64/UE4Editor-OculusHMD.dll (API version 3944462).
LogModuleManager: Display: Found up-to-date module file ../../../Engine/Plugins/Runtime/Oculus/OculusVR/Binaries/Win64/UE4Editor-OculusInput.dll (API version 3944462).
LogModuleManager: Display: Found up-to-date module file ../../../Engine/Plugins/Runtime/Oculus/OculusVR/Binaries/Win64/UE4Editor-OculusEditor.dll (API version 3944462).
LogModuleManager: Display: Found up-to-date module file ../../../Engine/Plugins/Runtime/PhysXVehicles/Binaries/Win64/UE4Editor-PhysXVehicles.dll (API version 3944462).
LogModuleManager: Display: Found up-to-date module file ../../../Engine/Plugins/Runtime/PhysXVehicles/Binaries/Win64/UE4Editor-PhysXVehiclesEditor.dll (API version 3944462).
LogModuleManager: Display: Found up-to-date module file ../../../Engine/Plugins/Runtime/ProceduralMeshComponent/Binaries/Win64/UE4Editor-ProceduralMeshComponent.dll (API version 3944462).
LogModuleManager: Display: Found up-to-date module file ../../../Engine/Plugins/Runtime/ProceduralMeshComponent/Binaries/Win64/UE4Editor-ProceduralMeshComponentEditor.dll (API version 3944462).
LogModuleManager: Display: Found up-to-date module file ../../../Engine/Plugins/Runtime/RuntimePhysXCooking/Binaries/Win64/UE4Editor-RuntimePhysXCooking.dll (API version 3944462).
LogModuleManager: Display: Found up-to-date module file ../../../Engine/Plugins/Runtime/Steam/SteamVR/Binaries/Win64/UE4Editor-SteamVR.dll (API version 3944462).
LogModuleManager: Display: Found up-to-date module file ../../../Engine/Plugins/Runtime/Steam/SteamVR/Binaries/Win64/UE4Editor-SteamVRController.dll (API version 3944462).
LogModuleManager: Display: Found up-to-date module file ../../../Engine/Plugins/Runtime/WindowsMoviePlayer/Binaries/Win64/UE4Editor-WindowsMoviePlayer.dll (API version 3944462).
LogInit: Using libcurl 7.47.1
LogInit:  - built for x86_64-pc-win32
LogInit:  - supports SSL with OpenSSL/1.0.2g
LogInit:  - supports HTTP deflate (compression) using libz 1.2.8
LogInit:  - other features:
LogInit:      CURL_VERSION_SSL
LogInit:      CURL_VERSION_LIBZ
LogInit:      CURL_VERSION_IPV6
LogInit:      CURL_VERSION_ASYNCHDNS
LogInit:      CURL_VERSION_LARGEFILE
LogInit:      CURL_VERSION_IDN
LogInit:  CurlRequestOptions (configurable via config and command line):
LogInit:  - bVerifyPeer = false  - Libcurl will NOT verify peer certificate
LogInit:  - bUseHttpProxy = false  - Libcurl will NOT use HTTP proxy
LogInit:  - bDontReuseConnections = false  - Libcurl will reuse connections
LogInit:  - CertBundlePath = nullptr  - Libcurl will use whatever was configured at build time.
LogInit:  - MaxHostConnections = 16  - Libcurl will limit the number of connections to a host
LogInit:  - LocalHostAddr = Default
LogInit: WinSock: version 1.1 (2.2), MaxSocks=32767, MaxUdp=65467
LogInit: WinSock: I am DESKTOP-PHNNL2F (192.168.0.6:0)
LogInit: Build: ++UE4+Release-4.19-CL-4033788
LogInit: Engine Version: 4.19.2-4033788+++UE4+Release-4.19
LogInit: Compatible Engine Version: 4.19.0-3944462+++UE4+Release-4.19
LogInit: Net CL: 3944462
LogDevObjectVersion: Number of dev versions registered: 18
LogDevObjectVersion:   Dev-Blueprints (B0D832E4-1F89-4F0D-ACCF-7EB736FD4AA2): 10
LogDevObjectVersion:   Dev-Build (E1C64328-A22C-4D53-A36C-8E866417BD8C): 0
LogDevObjectVersion:   Dev-Core (375EC13C-06E4-48FB-B500-84F0262A717E): 2
LogDevObjectVersion:   Dev-Editor (E4B068ED-F494-42E9-A231-DA0B2E46BB41): 23
LogDevObjectVersion:   Dev-Framework (CFFC743F-43B0-4480-9391-14DF171D2073): 33
LogDevObjectVersion:   Dev-Mobile (B02B49B5-BB20-44E9-A304-32B752E40360): 2
LogDevObjectVersion:   Dev-Networking (A4E4105C-59A1-49B5-A7C5-40C4547EDFEE): 0
LogDevObjectVersion:   Dev-Online (39C831C9-5AE6-47DC-9A44-9C173E1C8E7C): 0
LogDevObjectVersion:   Dev-Physics (78F01B33-EBEA-4F98-B9B4-84EACCB95AA2): 0
LogDevObjectVersion:   Dev-Platform (6631380F-2D4D-43E0-8009-CF276956A95A): 0
LogDevObjectVersion:   Dev-Rendering (12F88B9F-8875-4AFC-A67C-D90C383ABD29): 25
LogDevObjectVersion:   Dev-Sequencer (7B5AE74C-D270-4C10-A958-57980B212A5A): 6
LogDevObjectVersion:   Dev-VR (D7296918-1DD6-4BDD-9DE2-64A83CC13884): 1
LogDevObjectVersion:   Dev-LoadTimes (C2A15278-BFE7-4AFE-6C17-90FF531DF755): 1
LogDevObjectVersion:   Private-Geometry (6EACA3D4-40EC-4CC1-B786-8BED09428FC5): 2
LogDevObjectVersion:   Dev-AnimPhys (29E575DD-E0A3-4627-9D10-D276232CDCEA): 16
LogDevObjectVersion:   Dev-ReflectionCapture (6B266CEC-1EC7-4B8F-A30B-E4D90942FC07): 1
LogDevObjectVersion:   Dev-Automation (0DF73D61-A23F-47EA-B727-89E90C41499A): 1
LogInit: Compiled (64-bit): Apr 27 2018 02:06:57
LogInit: Compiled with Visual C++: 19.00.24215.01
LogInit: Build Configuration: Development
LogInit: Branch Name: ++UE4+Release-4.19
LogInit: Command Line: 
LogInit: Base Directory: Z:/UE_4.19/Engine/Binaries/Win64/
LogInit: Installed Engine Build: 1
LogStreaming: Display: Took  0.004s to delete old logs.
LogInit: Presizing for max 8388607 objects, including 0 objects not considered by GC, pre-allocating 0 bytes for permanent pool.
LogInit: Object subsystem initialized
[2018.12.29-22.58.21:648][  0]LogInit: Selected Device Profile: [Windows]
[2018.12.29-22.58.21:648][  0]LogInit: Applying CVar settings loaded from the selected device profile: [Windows]
[2018.12.29-22.58.21:667][  0]LogInit: Computer: DESKTOP-PHNNL2F
[2018.12.29-22.58.21:667][  0]LogInit: User: Jason
[2018.12.29-22.58.21:667][  0]LogInit: CPU Page size=4096, Cores=4
[2018.12.29-22.58.21:667][  0]LogInit: High frequency timer resolution =2.435776 MHz
[2018.12.29-22.58.21:667][  0]LogMemory: Memory total: Physical=15.9GB (16GB approx)
[2018.12.29-22.58.21:667][  0]LogMemory: Platform Memory Stats for Windows
[2018.12.29-22.58.21:667][  0]LogMemory: Process Physical Memory: 274.60 MB used, 274.60 MB peak
[2018.12.29-22.58.21:667][  0]LogMemory: Process Virtual Memory: 264.66 MB used, 264.66 MB peak
[2018.12.29-22.58.21:667][  0]LogMemory: Physical Memory: 8202.80 MB used,  8057.45 MB free, 16260.26 MB total
[2018.12.29-22.58.21:667][  0]LogMemory: Virtual Memory: 4790.48 MB used,  8057.45 MB free, 134217728.00 MB total
[2018.12.29-22.58.21:694][  0]LogInit: Using OS detected language (en-US).
[2018.12.29-22.58.21:694][  0]LogInit: Using OS detected locale (en-GB).
[2018.12.29-22.58.21:697][  0]LogTextLocalizationManager: No specific localization for 'en-US' exists, so the 'en' localization will be used.
[2018.12.29-22.58.22:168][  0]LogStreaming: Display: Took  0.475s to EndInitTextLocalization.
[2018.12.29-22.58.22:169][  0]LogInit: Setting process to per monitor DPI aware
[2018.12.29-22.58.22:213][  0]LogSlate: New Slate User Created.  User Index 0, Is Virtual User: 0
[2018.12.29-22.58.22:213][  0]LogSlate: Slate User Registered.  User Index 0, Is Virtual User: 0
[2018.12.29-22.58.22:448][  0]LogD3D11RHI: D3D11 adapters:
[2018.12.29-22.58.22:456][  0]LogD3D11RHI:    0. 'Intel(R) Iris(TM) Pro Graphics 5200' (Feature Level 11_0)
[2018.12.29-22.58.22:456][  0]LogD3D11RHI:       112/0/2048 MB DedicatedVideo/DedicatedSystem/SharedSystem, Outputs:2, VendorId:0x8086
[2018.12.29-22.58.22:459][  0]LogD3D11RHI:    1. 'Microsoft Basic Render Driver' (Feature Level 11_0)
[2018.12.29-22.58.22:459][  0]LogD3D11RHI:       0/0/8130 MB DedicatedVideo/DedicatedSystem/SharedSystem, Outputs:0, VendorId:0x1414
[2018.12.29-22.58.22:459][  0]LogD3D11RHI: Chosen D3D11 Adapter: 0
[2018.12.29-22.58.22:469][  0]LogD3D11RHI: Creating new Direct3DDevice
[2018.12.29-22.58.22:469][  0]LogD3D11RHI:     GPU DeviceId: 0xd26 (for the marketing name, search the web for "GPU Device Id")
[2018.12.29-22.58.22:469][  0]LogWindows: EnumDisplayDevices:
[2018.12.29-22.58.22:469][  0]LogWindows:    0. 'Intel(R) Iris(TM) Pro Graphics 5200' (P:0 D:1)
[2018.12.29-22.58.22:470][  0]LogWindows:    1. 'Intel(R) Iris(TM) Pro Graphics 5200' (P:1 D:1)
[2018.12.29-22.58.22:470][  0]LogWindows:    2. 'Intel(R) Iris(TM) Pro Graphics 5200' (P:0 D:0)
[2018.12.29-22.58.22:470][  0]LogWindows: DebugString: GetVideoDriverDetailsInvalid PrimaryIsNotTheChoosenAdapter GetVideoDriverDetailsInvalid PrimaryIsNotTheChoosenAdapter GetVideoDriverDetailsInvalid PrimaryIsNotTheChoosenAdapter FoundDriverCount:0 
[2018.12.29-22.58.22:470][  0]LogD3D11RHI:     Adapter Name: Intel(R) Iris(TM) Pro Graphics 5200
[2018.12.29-22.58.22:470][  0]LogD3D11RHI:   Driver Version: Unknown (internal:Unknown, unified:Unknown)
[2018.12.29-22.58.22:470][  0]LogD3D11RHI:      Driver Date: Unknown
[2018.12.29-22.58.22:470][  0]LogRHI: Texture pool is 795 MB (70% of 1136 MB)
[2018.12.29-22.58.22:475][  0]LogD3D11RHI: Async texture creation enabled
[2018.12.29-22.58.22:483][  0]LogD3D11RHI: GPU Timing Frequency: 12.500000 (Debug: 2 0)
[2018.12.29-22.58.22:483][  0]LogShaderCompilers: Guid format shader working directory is 26 characters bigger than the processId version (../../../../SMBClone/Intermediate/Shaders/WorkingDirectory/8856/).
[2018.12.29-22.58.22:483][  0]LogShaderCompilers: Cleaned the shader compiler working directory 'C:/Users/Jason/AppData/Local/Temp/UnrealShaderWorkingDir/99938CC44097A629D57E9891CECBF84B/'.
[2018.12.29-22.58.22:761][  0]LogTemp: Display: Loaded TP AllDesktopTargetPlatform
[2018.12.29-22.58.22:773][  0]LogTemp: Display: Loaded TP MacClientTargetPlatform
[2018.12.29-22.58.22:786][  0]LogTemp: Display: Loaded TP MacNoEditorTargetPlatform
[2018.12.29-22.58.22:800][  0]LogTemp: Display: Loaded TP MacServerTargetPlatform
[2018.12.29-22.58.22:818][  0]LogTemp: Display: Loaded TP MacTargetPlatform
[2018.12.29-22.58.22:831][  0]LogTemp: Display: Loaded TP WindowsClientTargetPlatform
[2018.12.29-22.58.22:845][  0]LogTemp: Display: Loaded TP WindowsNoEditorTargetPlatform
[2018.12.29-22.58.22:862][  0]LogTemp: Display: Loaded TP WindowsServerTargetPlatform
[2018.12.29-22.58.22:869][  0]LogTemp: Display: Loaded TP WindowsTargetPlatform
[2018.12.29-22.58.22:885][  0]LogTemp: Display: Loaded TP Android_ASTCTargetPlatform
[2018.12.29-22.58.22:900][  0]LogTemp: Display: Loaded TP Android_ATCTargetPlatform
[2018.12.29-22.58.22:917][  0]LogTemp: Display: Loaded TP Android_DXTTargetPlatform
[2018.12.29-22.58.22:933][  0]LogTemp: Display: Loaded TP Android_ETC1aTargetPlatform
[2018.12.29-22.58.22:952][  0]LogTemp: Display: Loaded TP Android_ETC1TargetPlatform
[2018.12.29-22.58.22:966][  0]LogTemp: Display: Loaded TP Android_ETC2TargetPlatform
[2018.12.29-22.58.22:990][  0]LogTemp: Display: Loaded TP Android_MultiTargetPlatform
[2018.12.29-22.58.22:990][  0]LogTemp: Display: Loaded TP Android_PVRTCTargetPlatform
[2018.12.29-22.58.23:003][  0]LogTemp: Display: Loaded TP AndroidTargetPlatform
[2018.12.29-22.58.23:005][  0]LogTemp: Display: Loaded TP HTML5TargetPlatform
[2018.12.29-22.58.23:043][  0]LogTemp: Display: Loaded TP IOSTargetPlatform
[2018.12.29-22.58.23:057][  0]LogTemp: Display: Loaded TP TVOSTargetPlatform
[2018.12.29-22.58.23:075][  0]LogTemp: Display: Loaded TP LinuxClientTargetPlatform
[2018.12.29-22.58.23:089][  0]LogTemp: Display: Loaded TP LinuxNoEditorTargetPlatform
[2018.12.29-22.58.23:107][  0]LogTemp: Display: Loaded TP LinuxServerTargetPlatform
[2018.12.29-22.58.23:128][  0]LogTemp: Display: Loaded TP LinuxTargetPlatform
[2018.12.29-22.58.23:128][  0]LogTargetPlatformManager: Display: Building Assets For Windows
[2018.12.29-22.58.23:257][  0]LogXGEController: Cleaning working directory: C:/Users/Jason/AppData/Local/Temp/UnrealXGEWorkingDir/
[2018.12.29-22.58.23:257][  0]LogXGEController: Cannot use XGE Controller as Incredibuild is not installed on this machine.
[2018.12.29-22.58.23:257][  0]LogShaderCompilers: Cannot use XGE Shader Compiler as Incredibuild is not installed on this machine.
[2018.12.29-22.58.23:257][  0]LogShaderCompilers: Display: Using Local Shader Compiler.
[2018.12.29-22.58.24:155][  0]LogDerivedDataCache: Display: Max Cache Size: 512 MB
[2018.12.29-22.58.24:264][  0]LogDerivedDataCache: Loaded boot cache 0.11s 74MB C:/Users/Jason/AppData/Local/UnrealEngine/4.19/DerivedDataCache/Boot.ddc.
[2018.12.29-22.58.24:264][  0]LogDerivedDataCache: Display: Loaded Boot cache: C:/Users/Jason/AppData/Local/UnrealEngine/4.19/DerivedDataCache/Boot.ddc
[2018.12.29-22.58.24:264][  0]LogDerivedDataCache: FDerivedDataBackendGraph:  Pak pak cache file ../../../../SMBClone/DerivedDataCache/DDC.ddp not found, will not use a pak cache.
[2018.12.29-22.58.24:264][  0]LogDerivedDataCache: Unable to find inner node Pak for hierarchical cache Hierarchy.
[2018.12.29-22.58.24:264][  0]LogDerivedDataCache: FDerivedDataBackendGraph:  CompressedPak pak cache file ../../../../SMBClone/DerivedDataCache/Compressed.ddp not found, will not use a pak cache.
[2018.12.29-22.58.24:264][  0]LogDerivedDataCache: Unable to find inner node CompressedPak for hierarchical cache Hierarchy.
[2018.12.29-22.58.24:281][  0]LogDerivedDataCache: Display: Pak cache opened for reading ../../../Engine/DerivedDataCache/Compressed.ddp.
[2018.12.29-22.58.24:294][  0]LogDerivedDataCache: Using Local data cache path C:/Users/Jason/AppData/Local/UnrealEngine/Common/DerivedDataCache: Writable
[2018.12.29-22.58.24:294][  0]LogDerivedDataCache: Shared data cache path not found in *engine.ini, will not use an Shared cache.
[2018.12.29-22.58.24:294][  0]LogDerivedDataCache: Unable to find inner node Shared for hierarchical cache Hierarchy.
[2018.12.29-22.58.24:308][  0]LogMaterial: Verifying Global Shaders for PCD3D_SM5
[2018.12.29-22.58.24:308][  0]LogSlate: Using Freetype 2.6.0
[2018.12.29-22.58.24:309][  0]LogSlate: SlateFontCache - WITH_FREETYPE: 1, WITH_HARFBUZZ: 1
[2018.12.29-22.58.24:309][  0]LogSlate: SlateFontCache - WITH_FREETYPE: 1, WITH_HARFBUZZ: 1
[2018.12.29-22.58.24:449][  0]LogAssetRegistry: FAssetRegistry took 0.0299 seconds to start up
[2018.12.29-22.58.24:827][  0]LogInit: Selected Device Profile: [Windows]
[2018.12.29-22.58.25:006][  0]LogSimplygon: Simplygon DLL not present - disabling.
[2018.12.29-22.58.25:009][  0]LogMeshReduction: Using SimplygonSwarm for distributed automatic mesh merging
[2018.12.29-22.58.25:009][  0]LogMeshReduction: Using QuadricMeshReduction for automatic static mesh reduction
[2018.12.29-22.58.25:009][  0]LogMeshReduction: No automatic skeletal mesh reduction module available
[2018.12.29-22.58.25:009][  0]LogMeshReduction: No automatic mesh merging module available
[2018.12.29-22.58.25:009][  0]LogMeshMerging: No automatic mesh merging module available
[2018.12.29-22.58.25:049][  0]LogNetVersion: SMBClone , NetCL: 3944462, EngineNetVer: 2, GameNetVer: 0 (Checksum: 657049582)
[2018.12.29-22.58.25:585][  0]LogPackageLocalizationCache: Processed 9 localized package path(s) for 2 prioritized culture(s) in 0.134787 seconds
[2018.12.29-22.58.25:591][  0]LogUObjectArray: 36728 objects as part of root set at end of initial load.
[2018.12.29-22.58.25:591][  0]LogUObjectAllocator: 7314312 out of 0 bytes used by permanent object pool.
[2018.12.29-22.58.25:591][  0]LogUObjectArray: CloseDisregardForGC: 0/0 objects in disregard for GC pool
[2018.12.29-22.58.27:367][  0]LogTcpMessaging: Initializing TcpMessaging bridge
[2018.12.29-22.58.27:401][  0]LogUdpMessaging: Initializing bridge on interface 0.0.0.0:0 to multicast group 230.0.0.1:6666.
[2018.12.29-22.58.27:812][  0]SourceControl: Source control is disabled
[2018.12.29-22.58.27:812][  0]SourceControl: Source control is disabled
[2018.12.29-22.58.27:831][  0]SourceControl: Source control is disabled
[2018.12.29-22.58.27:849][  0]SourceControl: Source control is disabled
[2018.12.29-22.58.28:384][  0]LogAndroidPermission: UAndroidPermissionCallbackProxy::GetInstance
[2018.12.29-22.58.28:580][  0]LogOcInput: OculusInput pre-init called
[2018.12.29-22.58.28:694][  0]LogEngine: Initializing Engine...
[2018.12.29-22.58.28:696][  0]LogHMD: Failed to initialize OpenVR with code 110
[2018.12.29-22.58.28:697][  0]LogStats: UGameplayTagsManager::ConstructGameplayTagTree: Construct from data asset -  0.000 s
[2018.12.29-22.58.28:697][  0]LogStats: UGameplayTagsManager::ConstructGameplayTagTree: GameplayTagTreeChangedEvent.Broadcast -  0.000 s
[2018.12.29-22.58.28:922][  0]LogAIModule: Creating AISystem for world Untitled
[2018.12.29-22.58.28:953][  0]LogInit: XAudio2 using 'SONY TV (Intel(R) Display Audio)' : 2 channels at 48 kHz using 16 bits per sample (channel mask 0x3)
[2018.12.29-22.58.28:965][  0]LogInit: FAudioDevice initialized.
[2018.12.29-22.58.29:107][  0]LogDerivedDataCache: Saved boot cache 0.14s 74MB C:/Users/Jason/AppData/Local/UnrealEngine/4.19/DerivedDataCache/Boot.ddc.
[2018.12.29-22.58.29:128][  0]LogInit: Texture streaming: Enabled
[2018.12.29-22.58.29:150][  0]LogEngineSessionManager: EngineSessionManager initialized
[2018.12.29-22.58.29:150][  0]LogEngineSessionManager: EngineSessionManager sent abnormal shutdown report. Type=Crashed, SessionId={B0E6AAE2-4745-B81A-8D3D-9A9857058BF9}
[2018.12.29-22.58.29:168][  0]LogInit: Transaction tracking system initialized
[2018.12.29-22.58.29:191][  0]BlueprintLog: New page: Editor Load
[2018.12.29-22.58.29:265][  0]LocalizationService: Localization service is disabled
[2018.12.29-22.58.29:375][  0]LogConsoleResponse: Display: 
[2018.12.29-22.58.29:532][  0]LogCook: Display: Max memory allowance for cook 16384mb min free memory 0mb
[2018.12.29-22.58.29:532][  0]LogCook: Display: Mobile HDR setting 1
[2018.12.29-22.58.29:532][  0]LogGameplayTags: Display: UGameplayTagsManager::DoneAddingNativeTags. DelegateIsBound: 0
[2018.12.29-22.58.29:532][  0]LogStats: UGameplayTagsManager::ConstructGameplayTagTree: Construct from data asset -  0.000 s
[2018.12.29-22.58.29:532][  0]LogStats: UGameplayTagsManager::ConstructGameplayTagTree: GameplayTagTreeChangedEvent.Broadcast -  0.000 s
[2018.12.29-22.58.29:580][  0]LogFileCache: Scanning file cache for directory 'Z:/SMBClone/Content/' took 0.01s
[2018.12.29-22.58.29:908][  0]SourceControl: Source control is disabled
[2018.12.29-22.58.29:908][  0]Cmd: MAP LOAD FILE="../../../../SMBClone/Content/TempLevel.umap" TEMPLATE=0 SHOWPROGRESS=1 FEATURELEVEL=3
[2018.12.29-22.58.29:908][  0]LightingResults: New page: Lighting Build
[2018.12.29-22.58.29:911][  0]MapCheck: New page: Map Check
[2018.12.29-22.58.29:911][  0]LightingResults: New page: Lighting Build
[2018.12.29-22.58.29:930][  0]LogUObjectGlobals: Created PersistentFrame Addr=0x000001dd54cc4e20, Size=216, Default__AlternateBumperBP_C Function /Game/AlternateBumperBP.AlternateBumperBP_C:ExecuteUbergraph_AlternateBumperBP
[2018.12.29-22.58.29:934][  0]LogUObjectGlobals: Destroyed PersistentFrame Addr=0x000001dd54cc4e20, Size=216
[2018.12.29-22.58.29:934][  0]LogUObjectGlobals: Created PersistentFrame Addr=0x000001dd51682da0, Size=216, Default__AlternateBumperBP_C Function /Engine/Transient.REINST_AlternateBumperBP_C_1:ExecuteUbergraph_AlternateBumperBP
[2018.12.29-22.58.29:938][  0]LogUObjectGlobals: Created PersistentFrame Addr=0x000001dd51681d00, Size=216, Default__AlternateBumperBP_C Function /Game/AlternateBumperBP.AlternateBumperBP_C:ExecuteUbergraph_AlternateBumperBP
[2018.12.29-22.58.30:039][  0]LogAIModule: Creating AISystem for world TempLevel
[2018.12.29-22.58.30:047][  0]LogEditorServer: Finished looking for orphan Actors (0.000 secs)
[2018.12.29-22.58.30:060][  0]LogUObjectGlobals: Destroyed PersistentFrame Addr=0x000001dd51682da0, Size=216
[2018.12.29-22.58.30:061][  0]Cmd: MAP CHECKDEP NOCLEARLOG
[2018.12.29-22.58.30:120][  0]MapCheck: Map check complete: 0 Error(s), 0 Warning(s), took 59.388ms to complete.
[2018.12.29-22.58.30:120][  0]LogFileHelpers: Loading map 'TempLevel' took 0.212
[2018.12.29-22.58.30:280][  0]LogCollectionManager: Loaded 0 collections in 0.001505 seconds
[2018.12.29-22.58.30:328][  0]LogFileCache: Scanning file cache for directory 'Z:/SMBClone/Saved/Collections/' took 0.01s
[2018.12.29-22.58.30:328][  0]LogFileCache: Scanning file cache for directory 'Z:/SMBClone/Content/Developers/Jason/Collections/' took 0.01s
[2018.12.29-22.58.30:328][  0]LogFileCache: Scanning file cache for directory 'Z:/SMBClone/Content/Collections/' took 0.01s
[2018.12.29-22.58.30:329][  0]LogCollectionManager: Rebuilt the GUID cache for 0 collections in 0.000001 seconds
[2018.12.29-22.58.30:339][  0]LogContentBrowser: Native class hierarchy populated in 0.0102 seconds. Added 2460 classes and 561 folders.
[2018.12.29-22.58.30:348][  0]LogContentBrowser: Native class hierarchy updated for 'WidgetCarousel' in 0.0014 seconds. Added 0 classes and 0 folders.
[2018.12.29-22.58.30:406][  0]LogContentBrowser: Native class hierarchy updated for 'AddContentDialog' in 0.0014 seconds. Added 0 classes and 0 folders.
[2018.12.29-22.58.30:416][  0]LogContentBrowser: Native class hierarchy updated for 'SceneOutliner' in 0.0014 seconds. Added 1 classes and 2 folders.
[2018.12.29-22.58.31:634][  0]LogSlate: Only BGRA pngs, bmps or icos are supported in by External Image Picker
[2018.12.29-22.58.31:662][  0]LogSlate: Took 0.000252 seconds to synchronously load lazily loaded font '../../../Engine/Content/Slate/Fonts/Roboto-Regular.ttf' (155K)
[2018.12.29-22.58.31:665][  0]LogSlate: Took 0.000269 seconds to synchronously load lazily loaded font '../../../Engine/Content/Slate/Fonts/Roboto-Bold.ttf' (160K)
[2018.12.29-22.58.31:675][  0]LogSlate: Took 0.000231 seconds to synchronously load lazily loaded font '../../../Engine/Content/Editor/Slate/Fonts/FontAwesome.ttf' (139K)
[2018.12.29-22.58.31:676][  0]LogSlate: Took 0.000186 seconds to synchronously load lazily loaded font '../../../Engine/Content/Slate/Fonts/DroidSansMono.ttf' (77K)
[2018.12.29-22.58.31:850][  0]LogTemp: Executing iPhonePackager certificates Engine -bundlename com.YourCompany.SMBClone
[2018.12.29-22.58.31:850][  0]LogTemp: CWD: Z:\UE_4.19\Engine\Binaries\DotNET\IOS
[2018.12.29-22.58.31:850][  0]LogTemp: Initial Dir: Z:\UE_4.19
[2018.12.29-22.58.31:850][  0]LogTemp: Env CWD: Z:\UE_4.19\Engine\Binaries\DotNET\IOS
[2018.12.29-22.58.31:850][  0]LogTemp: BranchPath = DESKTOP-PHNNL2F/Z/UE_4.19/Engine/Binaries --- GameBranchPath = DESKTOP-PHNNL2F/Z/UE_4.19/Engine/Binaries
[2018.12.29-22.58.31:851][  0]LogTemp: IPP ERROR: Could not find provision directory 'C:\Users\Jason\AppData\Local/Apple Computer/MobileDevice/Provisioning Profiles/'.
[2018.12.29-22.58.31:851][  0]LogRenderer: Reallocating scene render targets to support 944x400 Format 10 NumSamples 1 (Frame:1).
[2018.12.29-22.58.32:318][  0]LogContentBrowser: Native class hierarchy updated for 'HierarchicalLODOutliner' in 0.0011 seconds. Added 0 classes and 0 folders.
[2018.12.29-22.58.32:319][  0]LogLoad: (Engine Initialization) Total time: 13.98 seconds
[2018.12.29-22.58.32:319][  0]LogLoad: (Engine Initialization) Total Blueprint compile time: 0.00 seconds
[2018.12.29-22.58.32:683][  0]LogContentStreaming: Texture pool size now 1000 MB
[2018.12.29-22.58.33:004][  1]LogAssetRegistry: Asset discovery search completed in 8.5770 seconds
[2018.12.29-22.58.33:006][  1]LogCollectionManager: Rebuilt the object cache for 0 collections in 0.000000 seconds (found 0 objects)
[2018.12.29-22.58.33:006][  1]LogCollectionManager: Fixed up redirectors for 0 collections in 0.000204 seconds (updated 0 objects)
[2018.12.29-22.58.33:337][  2]LogSlate: FSceneViewport::OnFocusLost() reason 0
[2018.12.29-22.58.33:456][  3]Candidate modules for hot reload:
[2018.12.29-22.58.33:456][  3]  SMBClone
[2018.12.29-22.58.33:456][  3]Launching UnrealBuildTool... [Z:/UE_4.19/Engine/Binaries/DotNET/UnrealBuildTool.exe SMBClone -ModuleWithSuffix=SMBClone,883 Win64 Development -editorrecompile -canskiplink "Z:/SMBClone/SMBClone.uproject" ]
[2018.12.29-22.58.33:469][  3]Warning: Starting HotReload took  0.1s.
[2018.12.29-22.58.46:799][628]CompilerResultsLog: New page: Compilation - 29 Dec 2018 22:58:46
[2018.12.29-22.58.46:799][628]CompilerResultsLog: Using 'git status' to determine working set for adaptive non-unity build.
[2018.12.29-22.58.46:799][628]CompilerResultsLog: Creating makefile for hot reloading SMBClone (ini files are newer than UBTMakefile)
[2018.12.29-22.58.46:799][628]CompilerResultsLog: Compiling game modules for hot reload
[2018.12.29-22.58.46:800][628]CompilerResultsLog: Performing 3 actions (4 in parallel)
[2018.12.29-22.58.46:800][628]CompilerResultsLog: Ball.cpp
[2018.12.29-22.58.46:800][628]CompilerResultsLog: [2/3] Link UE4Editor-SMBClone-883.dll
[2018.12.29-22.58.46:800][628]CompilerResultsLog: [3/3] Link UE4Editor-SMBClone-883.lib
[2018.12.29-22.58.46:800][628]CompilerResultsLog:    Creating library Z:\SMBClone\Intermediate\Build\Win64\UE4Editor\Development\UE4Editor-SMBClone-883.lib and object Z:\SMBClone\Intermediate\Build\Win64\UE4Editor\Development\UE4Editor-SMBClone-883.exp
[2018.12.29-22.58.46:801][628]CompilerResultsLog:    Creating library Z:\SMBClone\Intermediate\Build\Win64\UE4Editor\Development\UE4Editor-SMBClone-883.suppressed.lib and object Z:\SMBClone\Intermediate\Build\Win64\UE4Editor\Development\UE4Editor-SMBClone-883.suppressed.exp
[2018.12.29-22.58.46:801][628]CompilerResultsLog: Total build time: 13.07 seconds (Local executor: 3.76 seconds)
[2018.12.29-22.58.46:802][628]LogMainFrame: MainFrame: Module compiling took 13.356 seconds
[2018.12.29-22.58.46:855][628]LogContentBrowser: Native class hierarchy updated for 'SMBClone' in 0.0017 seconds. Added 8 classes and 3 folders.
[2018.12.29-22.58.46:857][628]Display: HotReload successful (12 functions remapped  0 scriptstructs remapped)
[2018.12.29-22.58.46:972][628]LogContentBrowser: Native class hierarchy populated in 0.0163 seconds. Added 2461 classes and 563 folders.
[2018.12.29-22.58.46:973][628]Display: HotReload took 13.6s.
[2018.12.29-22.58.48:176][685]LogTemp: Repeating last play command: Selected Viewport
[2018.12.29-22.58.48:202][685]LogPlayLevel: PlayLevel: No blueprints needed recompiling
[2018.12.29-22.58.48:203][685]PIE: New page: PIE session: TempLevel (29 Dec 2018 22:58:48)
[2018.12.29-22.58.48:203][685]LogPlayLevel: Creating play world package: /Game/UEDPIE_0_TempLevel
[2018.12.29-22.58.48:205][685]LogPlayLevel: PIE: StaticDuplicateObject took: (0.001576s)
[2018.12.29-22.58.48:205][685]LogAIModule: Creating AISystem for world TempLevel
[2018.12.29-22.58.48:206][685]LogPlayLevel: PIE: World Init took: (0.000956s)
[2018.12.29-22.58.48:206][685]LogPlayLevel: PIE: Created PIE world by copying editor world from /Game/TempLevel.TempLevel to /Game/UEDPIE_0_TempLevel.TempLevel (0.002959s)
[2018.12.29-22.58.48:228][685]LogInit: XAudio2 using 'SONY TV (Intel(R) Display Audio)' : 2 channels at 48 kHz using 16 bits per sample (channel mask 0x3)
[2018.12.29-22.58.48:235][685]LogInit: FAudioDevice initialized.
[2018.12.29-22.58.48:310][685]LogUObjectGlobals: Created PersistentFrame Addr=0x000001dd1b700680, Size=616, Default__Ball_BP_C Function /Game/Ball_BP.Ball_BP_C:ExecuteUbergraph_Ball_BP
[2018.12.29-22.58.48:323][685]LogUObjectGlobals: Destroyed PersistentFrame Addr=0x000001dd1b700680, Size=616
[2018.12.29-22.58.48:324][685]LogUObjectGlobals: Created PersistentFrame Addr=0x000001dd5a4b3600, Size=616, Default__Ball_BP_C Function /Engine/Transient.REINST_Ball_BP_C_5:ExecuteUbergraph_Ball_BP
[2018.12.29-22.58.48:332][685]LogUObjectGlobals: Created PersistentFrame Addr=0x000001dd2247fb00, Size=616, Default__Ball_BP_C Function /Game/Ball_BP.Ball_BP_C:ExecuteUbergraph_Ball_BP
[2018.12.29-22.58.48:434][685]LogLoad: Game class is 'GameModeTemp_C'
[2018.12.29-22.58.48:436][685]LogWorld: Bringing World /Game/UEDPIE_0_TempLevel.TempLevel up for play (max tick rate 60) at 2018.12.29-22.58.48
[2018.12.29-22.58.48:437][685]LogWorld: Bringing up level for play took: 0.001440
[2018.12.29-22.58.48:461][685]LogContentBrowser: Native class hierarchy updated for 'MovieSceneCapture' in 0.0012 seconds. Added 11 classes and 0 folders.
[2018.12.29-22.58.48:463][685]PIE: Play in editor start time for /Game/UEDPIE_0_TempLevel 0.375
[2018.12.29-22.58.50:649][767]LogTemp: Warning: hit X=0.933 Y=-0.258 Z=0.253
[2018.12.29-22.58.50:649][767]LogTemp: Warning: Cast Works : X=0.933 Y=-0.258 Z=0.253
[2018.12.29-22.58.50:649][767]LogTemp: Warning: Did that
[2018.12.29-22.58.51:667][809]LogTemp: Warning: all good
[2018.12.29-22.58.53:301][870]LogUObjectGlobals: Destroyed PersistentFrame Addr=0x000001dd5a4b3600, Size=616
[2018.12.29-23.03.01:670][855]LogSlate: FSceneViewport::OnFocusLost() reason 0
[2018.12.29-23.03.01:713][855]Candidate modules for hot reload:
[2018.12.29-23.03.01:713][855]  SMBClone
[2018.12.29-23.03.01:713][855]Launching UnrealBuildTool... [Z:/UE_4.19/Engine/Binaries/DotNET/UnrealBuildTool.exe SMBClone -ModuleWithSuffix=SMBClone,873 Win64 Development -editorrecompile -canskiplink "Z:/SMBClone/SMBClone.uproject" ]
[2018.12.29-23.03.01:724][855]Warning: Starting HotReload took  0.1s.
[2018.12.29-23.03.06:162][945]CompilerResultsLog: New page: Compilation - 29 Dec 2018 23:03:06
[2018.12.29-23.03.06:162][945]CompilerResultsLog: Using 'git status' to determine working set for adaptive non-unity build.
[2018.12.29-23.03.06:162][945]CompilerResultsLog: Compiling game modules for hot reload
[2018.12.29-23.03.06:162][945]CompilerResultsLog: Performing 4 actions (4 in parallel)
[2018.12.29-23.03.06:162][945]CompilerResultsLog: Bumper.cpp
[2018.12.29-23.03.06:162][945]CompilerResultsLog: Ball.cpp
[2018.12.29-23.03.06:163][945]CompilerResultsLog: [3/4] Link UE4Editor-SMBClone-873.dll
[2018.12.29-23.03.06:163][945]CompilerResultsLog: [4/4] Link UE4Editor-SMBClone-873.lib
[2018.12.29-23.03.06:163][945]CompilerResultsLog:    Creating library Z:\SMBClone\Intermediate\Build\Win64\UE4Editor\Development\UE4Editor-SMBClone-873.lib and object Z:\SMBClone\Intermediate\Build\Win64\UE4Editor\Development\UE4Editor-SMBClone-873.exp
[2018.12.29-23.03.06:163][945]CompilerResultsLog:    Creating library Z:\SMBClone\Intermediate\Build\Win64\UE4Editor\Development\UE4Editor-SMBClone-873.suppressed.lib and object Z:\SMBClone\Intermediate\Build\Win64\UE4Editor\Development\UE4Editor-SMBClone-873.suppressed.exp
[2018.12.29-23.03.06:164][945]CompilerResultsLog: Total build time: 3.84 seconds (Local executor: 2.82 seconds)
[2018.12.29-23.03.06:164][945]LogMainFrame: MainFrame: Module compiling took 4.463 seconds
[2018.12.29-23.03.06:204][945]LogContentBrowser: Native class hierarchy updated for 'SMBClone' in 0.0011 seconds. Added 8 classes and 3 folders.
[2018.12.29-23.03.06:206][945]Display: HotReload successful (12 functions remapped  0 scriptstructs remapped)
[2018.12.29-23.03.06:246][945]LogContentBrowser: Native class hierarchy populated in 0.0128 seconds. Added 2461 classes and 563 folders.
[2018.12.29-23.03.06:247][945]Display: HotReload took  4.6s.
[2018.12.29-23.03.07:487][948]LogTemp: Repeating last play command: Selected Viewport
[2018.12.29-23.03.07:516][948]LogPlayLevel: PlayLevel: No blueprints needed recompiling
[2018.12.29-23.03.07:516][948]PIE: New page: PIE session: TempLevel (29 Dec 2018 23:03:07)
[2018.12.29-23.03.07:516][948]LogPlayLevel: Creating play world package: /Game/UEDPIE_0_TempLevel
[2018.12.29-23.03.07:518][948]LogPlayLevel: PIE: StaticDuplicateObject took: (0.001591s)
[2018.12.29-23.03.07:518][948]LogAIModule: Creating AISystem for world TempLevel
[2018.12.29-23.03.07:519][948]LogPlayLevel: PIE: World Init took: (0.000819s)
[2018.12.29-23.03.07:519][948]LogPlayLevel: PIE: Created PIE world by copying editor world from /Game/TempLevel.TempLevel to /Game/UEDPIE_0_TempLevel.TempLevel (0.002813s)
[2018.12.29-23.03.07:541][948]LogInit: XAudio2 using 'SONY TV (Intel(R) Display Audio)' : 2 channels at 48 kHz using 16 bits per sample (channel mask 0x3)
[2018.12.29-23.03.07:547][948]LogInit: FAudioDevice initialized.
[2018.12.29-23.03.07:580][948]LogLoad: Game class is 'GameModeTemp_C'
[2018.12.29-23.03.07:582][948]LogWorld: Bringing World /Game/UEDPIE_0_TempLevel.TempLevel up for play (max tick rate 60) at 2018.12.29-23.03.07
[2018.12.29-23.03.07:583][948]LogWorld: Bringing up level for play took: 0.001845
[2018.12.29-23.03.07:585][948]PIE: Play in editor start time for /Game/UEDPIE_0_TempLevel -0.504
[2018.12.29-23.03.13:789][220]LogTemp: Warning: hit X=0.949 Y=0.176 Z=0.260
[2018.12.29-23.03.13:789][220]LogTemp: Warning: Cast Works : X=0.949 Y=0.176 Z=0.260
[2018.12.29-23.03.15:020][220]LogWindows: Error: === Critical error: ===
[2018.12.29-23.03.15:020][220]LogWindows: Error: 
[2018.12.29-23.03.15:020][220]LogWindows: Error: Fatal error!
[2018.12.29-23.03.15:020][220]LogWindows: Error: 
[2018.12.29-23.03.15:020][220]LogWindows: Error: Unhandled Exception: EXCEPTION_ACCESS_VIOLATION reading address 0x00000440
[2018.12.29-23.03.15:020][220]LogWindows: Error: 
[2018.12.29-23.03.15:020][220]LogWindows: Error: [Callstack] 0x00000000ED1823A4 UE4Editor-SMBClone-873.dll!ABall::GetBallVelocity() [z:\smbclone\source\smbclone\private\ball.cpp:56]
[2018.12.29-23.03.15:020][220]LogWindows: Error: [Callstack] 0x00000000ED185396 UE4Editor-SMBClone-873.dll!ABumper::OnCompHit() [z:\smbclone\source\smbclone\private\bumper.cpp:55]
[2018.12.29-23.03.15:020][220]LogWindows: Error: [Callstack] 0x00000000ED185B1F UE4Editor-SMBClone-873.dll!ABumper::execOnCompHit() [z:\smbclone\source\smbclone\public\bumper.h:13]
[2018.12.29-23.03.15:020][220]LogWindows: Error: [Callstack] 0x00000000ECC0E094 UE4Editor-CoreUObject.dll!UnknownFunction []
[2018.12.29-23.03.15:020][220]LogWindows: Error: [Callstack] 0x00000000ECDF9D73 UE4Editor-CoreUObject.dll!UnknownFunction []
[2018.12.29-23.03.15:020][220]LogWindows: Error: [Callstack] 0x00000000D3E7CCFB UE4Editor-Engine.dll!UnknownFunction []
[2018.12.29-23.03.15:020][220]LogWindows: Error: [Callstack] 0x00000000D3E06029 UE4Editor-Engine.dll!UnknownFunction []
[2018.12.29-23.03.15:020][220]LogWindows: Error: [Callstack] 0x00000000D3E47AE2 UE4Editor-Engine.dll!UnknownFunction []
[2018.12.29-23.03.15:020][220]LogWindows: Error: [Callstack] 0x00000000D4B6A728 UE4Editor-Engine.dll!UnknownFunction []
[2018.12.29-23.03.15:020][220]LogWindows: Error: [Callstack] 0x00000000D4B714D5 UE4Editor-Engine.dll!UnknownFunction []
[2018.12.29-23.03.15:020][220]LogWindows: Error: [Callstack] 0x00000000D4B72324 UE4Editor-Engine.dll!UnknownFunction []
[2018.12.29-23.03.15:020][220]LogWindows: Error: [Callstack] 0x00000000D3E4FA9C UE4Editor-Engine.dll!UnknownFunction []
[2018.12.29-23.03.15:020][220]LogWindows: Error: [Callstack] 0x00000000EA65B713 UE4Editor-Core.dll!UnknownFunction []
[2018.12.29-23.03.15:020][220]LogWindows: Error: [Callstack] 0x00000000EA65BD3A UE4Editor-Core.dll!UnknownFunction []
[2018.12.29-23.03.15:020][220]LogWindows: Error: [Callstack] 0x00000000EA67ECFE UE4Editor-Core.dll!UnknownFunction []
[2018.12.29-23.03.15:020][220]LogWindows: Error: [Callstack] 0x00000000D4F7D771 UE4Editor-Engine.dll!UnknownFunction []
[2018.12.29-23.03.15:021][220]LogWindows: Error: [Callstack] 0x00000000D4F83292 UE4Editor-Engine.dll!UnknownFunction []
[2018.12.29-23.03.15:021][220]LogWindows: Error: [Callstack] 0x00000000D47DC304 UE4Editor-Engine.dll!UnknownFunction []
[2018.12.29-23.03.15:021][220]LogWindows: Error: [Callstack] 0x00000000D47E7ACA UE4Editor-Engine.dll!UnknownFunction []
[2018.12.29-23.03.15:021][220]LogWindows: Error: [Callstack] 0x00000000D1CDD781 UE4Editor-UnrealEd.dll!UnknownFunction []
[2018.12.29-23.03.15:021][220]LogWindows: Error: [Callstack] 0x00000000D2579626 UE4Editor-UnrealEd.dll!UnknownFunction []
[2018.12.29-23.03.15:021][220]LogWindows: Error: [Callstack] 0x0000000007D85EAC UE4Editor.exe!UnknownFunction []
[2018.12.29-23.03.15:021][220]LogWindows: Error: [Callstack] 0x0000000007D96BD0 UE4Editor.exe!UnknownFunction []
[2018.12.29-23.03.15:021][220]LogWindows: Error: [Callstack] 0x0000000007D96C4A UE4Editor.exe!UnknownFunction []
[2018.12.29-23.03.15:021][220]LogWindows: Error: [Callstack] 0x0000000007DA4177 UE4Editor.exe!UnknownFunction []
[2018.12.29-23.03.15:021][220]LogWindows: Error: [Callstack] 0x0000000007DA5B87 UE4Editor.exe!UnknownFunction []
[2018.12.29-23.03.15:021][220]LogWindows: Error: [Callstack] 0x0000000015753034 KERNEL32.DLL!UnknownFunction []
[2018.12.29-23.03.15:021][220]LogWindows: Error: [Callstack] 0x0000000017E31471 ntdll.dll!UnknownFunction []
[2018.12.29-23.03.15:021][220]LogWindows: Error: [Callstack] 0x0000000017E31471 ntdll.dll!UnknownFunction []
[2018.12.29-23.03.15:021][220]LogWindows: Error: 
[2018.12.29-23.03.15:033][220]LogExit: Executing StaticShutdownAfterError
[2018.12.29-23.03.15:035][220]LogWindows: FPlatformMisc::RequestExit(1)
[2018.12.29-23.03.15:035][220]Log file closed, 12/29/18 23:03:15
